Log file open, 02/26/18 18:55:58
LogWindows: Failed to load 'aqProf.dll' (GetLastError=126)
LogWindows: File 'aqProf.dll' does not exist
LogWindows: Failed to load 'VSPerf140.dll' (GetLastError=126)
LogWindows: File 'VSPerf140.dll' does not exist
LogWindows: Failed to load 'VtuneApi.dll' (GetLastError=126)
LogWindows: File 'VtuneApi.dll' does not exist
LogWindows: Failed to load 'VtuneApi32e.dll' (GetLastError=126)
LogWindows: File 'VtuneApi32e.dll' does not exist
LogInit: Display: Running engine for game: UE4Pinball
LogPlatformFile: Not using cached read wrapper
LogInit: Display: RandInit(-141856351) SRandInit(-141856351).
LogInit: Read version file with build ID '3709383'
LogInit: Overriding engine version to CL 3832480, compatible CL 3709383
LogInit: Registered custom module enumerator with build ID '3709383'
LogTaskGraph: Started task graph with 5 named threads and 20 total threads with 3 sets of task threads.
LogStats: Stats thread started at 0.232709
LogD3D11RHI: Aftermath initialized
LogModuleManager: Display: Found up-to-date module file ../../../Engine/Plugins/2D/Paper2D/Binaries/Win64/UE4Editor-Paper2D.dll (API version 3709383).
LogModuleManager: Display: Found up-to-date module file ../../../Engine/Plugins/2D/Paper2D/Binaries/Win64/UE4Editor-Paper2DEditor.dll (API version 3709383).
LogModuleManager: Display: Found up-to-date module file ../../../Engine/Plugins/2D/Paper2D/Binaries/Win64/UE4Editor-PaperSpriteSheetImporter.dll (API version 3709383).
LogModuleManager: Display: Found up-to-date module file ../../../Engine/Plugins/2D/Paper2D/Binaries/Win64/UE4Editor-PaperTiledImporter.dll (API version 3709383).
LogModuleManager: Display: Found up-to-date module file ../../../Engine/Plugins/2D/Paper2D/Binaries/Win64/UE4Editor-SmartSnapping.dll (API version 3709383).
LogModuleManager: Display: Found up-to-date module file ../../../Engine/Plugins/Blendables/LightPropagationVolume/Binaries/Win64/UE4Editor-LightPropagationVolumeRuntime.dll (API version 3709383).
LogModuleManager: Display: Found up-to-date module file ../../../Engine/Plugins/Blendables/LightPropagationVolume/Binaries/Win64/UE4Editor-LightPropagationVolumeEditor.dll (API version 3709383).
LogModuleManager: Display: Found up-to-date module file ../../../Engine/Plugins/Developer/GitSourceControl/Binaries/Win64/UE4Editor-GitSourceControl.dll (API version 3709383).
LogModuleManager: Display: Found up-to-date module file ../../../Engine/Plugins/Developer/PerforceSourceControl/Binaries/Win64/UE4Editor-PerforceSourceControl.dll (API version 3709383).
LogModuleManager: Display: Found up-to-date module file ../../../Engine/Plugins/Developer/SubversionSourceControl/Binaries/Win64/UE4Editor-SubversionSourceControl.dll (API version 3709383).
LogModuleManager: Display: Found up-to-date module file ../../../Engine/Plugins/Developer/UObjectPlugin/Binaries/Win64/UE4Editor-UObjectPlugin.dll (API version 3709383).
LogModuleManager: Display: Found up-to-date module file ../../../Engine/Plugins/Developer/VisualStudioCodeSourceCodeAccess/Binaries/Win64/UE4Editor-VisualStudioCodeSourceCodeAccess.dll (API version 3709383).
LogModuleManager: Display: Found up-to-date module file ../../../Engine/Plugins/Developer/VisualStudioSourceCodeAccess/Binaries/Win64/UE4Editor-VisualStudioSourceCodeAccess.dll (API version 3709383).
LogModuleManager: Display: Found up-to-date module file ../../../Engine/Plugins/Editor/AssetManagerEditor/Binaries/Win64/UE4Editor-AssetManagerEditor.dll (API version 3709383).
LogModuleManager: Display: Found up-to-date module file ../../../Engine/Plugins/Editor/AudioCapture/Binaries/Win64/UE4Editor-AudioCapture.dll (API version 3709383).
LogModuleManager: Display: Found up-to-date module file ../../../Engine/Plugins/Editor/FacialAnimation/Binaries/Win64/UE4Editor-FacialAnimation.dll (API version 3709383).
LogModuleManager: Display: Found up-to-date module file ../../../Engine/Plugins/Editor/FacialAnimation/Binaries/Win64/UE4Editor-FacialAnimationEditor.dll (API version 3709383).
LogModuleManager: Display: Found up-to-date module file ../../../Engine/Plugins/Editor/GameplayTagsEditor/Binaries/Win64/UE4Editor-GameplayTagsEditor.dll (API version 3709383).
LogModuleManager: Display: Found up-to-date module file ../../../Engine/Plugins/Editor/MobileLauncherProfileWizard/Binaries/Win64/UE4Editor-MobileLauncherProfileWizard.dll (API version 3709383).
LogModuleManager: Display: Found up-to-date module file ../../../Engine/Plugins/Editor/PluginBrowser/Binaries/Win64/UE4Editor-PluginBrowser.dll (API version 3709383).
LogModuleManager: Display: Found up-to-date module file ../../../Engine/Plugins/Editor/SpeedTreeImporter/Binaries/Win64/UE4Editor-SpeedTreeImporter.dll (API version 3709383).
LogModuleManager: Display: Found up-to-date module file ../../../Engine/Plugins/Experimental/AlembicImporter/Binaries/Win64/UE4Editor-AlembicImporter.dll (API version 3709383).
LogModuleManager: Display: Found up-to-date module file ../../../Engine/Plugins/Experimental/AlembicImporter/Binaries/Win64/UE4Editor-AlembicLibrary.dll (API version 3709383).
LogModuleManager: Display: Found up-to-date module file ../../../Engine/Plugins/Experimental/CharacterAI/Binaries/Win64/UE4Editor-CharacterAI.dll (API version 3709383).
LogModuleManager: Display: Found up-to-date module file ../../../Engine/Plugins/Experimental/HTML5Networking/Binaries/Win64/UE4Editor-HTML5Networking.dll (API version 3709383).
LogModuleManager: Display: Found up-to-date module file ../../../Engine/Plugins/Media/AndroidMedia/Binaries/Win64/UE4Editor-AndroidMediaEditor.dll (API version 3709383).
LogModuleManager: Display: Found up-to-date module file ../../../Engine/Plugins/Media/AndroidMedia/Binaries/Win64/UE4Editor-AndroidMediaFactory.dll (API version 3709383).
LogModuleManager: Display: Found up-to-date module file ../../../Engine/Plugins/Media/AvfMedia/Binaries/Win64/UE4Editor-AvfMediaEditor.dll (API version 3709383).
LogModuleManager: Display: Found up-to-date module file ../../../Engine/Plugins/Media/AvfMedia/Binaries/Win64/UE4Editor-AvfMediaFactory.dll (API version 3709383).
LogModuleManager: Display: Found up-to-date module file ../../../Engine/Plugins/Media/AvfMedia/Binaries/Win64/UE4Editor-AvfMediaFactory.dll (API version 3709383).
LogModuleManager: Display: Found up-to-date module file ../../../Engine/Plugins/Media/ImgMedia/Binaries/Win64/UE4Editor-ImgMedia.dll (API version 3709383).
LogModuleManager: Display: Found up-to-date module file ../../../Engine/Plugins/Media/ImgMedia/Binaries/Win64/UE4Editor-ImgMediaEditor.dll (API version 3709383).
LogModuleManager: Display: Found up-to-date module file ../../../Engine/Plugins/Media/ImgMedia/Binaries/Win64/UE4Editor-ImgMediaFactory.dll (API version 3709383).
LogModuleManager: Display: Found up-to-date module file ../../../Engine/Plugins/Media/ImgMedia/Binaries/Win64/UE4Editor-ImgMediaFactory.dll (API version 3709383).
LogModuleManager: Display: Found up-to-date module file ../../../Engine/Plugins/Media/ImgMedia/Binaries/Win64/UE4Editor-OpenExrWrapper.dll (API version 3709383).
LogModuleManager: Display: Found up-to-date module file ../../../Engine/Plugins/Media/MediaCompositing/Binaries/Win64/UE4Editor-MediaCompositing.dll (API version 3709383).
LogModuleManager: Display: Found up-to-date module file ../../../Engine/Plugins/Media/MediaCompositing/Binaries/Win64/UE4Editor-MediaCompositingEditor.dll (API version 3709383).
LogModuleManager: Display: Found up-to-date module file ../../../Engine/Plugins/Media/MediaPlayerEditor/Binaries/Win64/UE4Editor-MediaPlayerEditor.dll (API version 3709383).
LogModuleManager: Display: Found up-to-date module file ../../../Engine/Plugins/Media/WmfMedia/Binaries/Win64/UE4Editor-WmfMedia.dll (API version 3709383).
LogModuleManager: Display: Found up-to-date module file ../../../Engine/Plugins/Media/WmfMedia/Binaries/Win64/UE4Editor-WmfMediaEditor.dll (API version 3709383).
LogModuleManager: Display: Found up-to-date module file ../../../Engine/Plugins/Media/WmfMedia/Binaries/Win64/UE4Editor-WmfMediaFactory.dll (API version 3709383).
LogModuleManager: Display: Found up-to-date module file ../../../Engine/Plugins/Media/WmfMedia/Binaries/Win64/UE4Editor-WmfMediaFactory.dll (API version 3709383).
LogModuleManager: Display: Found up-to-date module file ../../../Engine/Plugins/Messaging/TcpMessaging/Binaries/Win64/UE4Editor-TcpMessaging.dll (API version 3709383).
LogModuleManager: Display: Found up-to-date module file ../../../Engine/Plugins/Messaging/UdpMessaging/Binaries/Win64/UE4Editor-UdpMessaging.dll (API version 3709383).
LogModuleManager: Display: Found up-to-date module file ../../../Engine/Plugins/MovieScene/ActorSequence/Binaries/Win64/UE4Editor-ActorSequence.dll (API version 3709383).
LogModuleManager: Display: Found up-to-date module file ../../../Engine/Plugins/MovieScene/LevelSequenceEditor/Binaries/Win64/UE4Editor-LevelSequenceEditor.dll (API version 3709383).
LogModuleManager: Display: Found up-to-date module file ../../../Engine/Plugins/MovieScene/MatineeToLevelSequence/Binaries/Win64/UE4Editor-MatineeToLevelSequence.dll (API version 3709383).
LogModuleManager: Display: Found up-to-date module file ../../../Engine/Plugins/Online/OnlineSubsystem/Binaries/Win64/UE4Editor-OnlineSubsystem.dll (API version 3709383).
LogModuleManager: Display: Found up-to-date module file ../../../Engine/Plugins/Runtime/AndroidPermission/Binaries/Win64/UE4Editor-AndroidPermission.dll (API version 3709383).
LogModuleManager: Display: Found up-to-date module file ../../../Engine/Plugins/Online/OnlineSubsystemNull/Binaries/Win64/UE4Editor-OnlineSubsystemNull.dll (API version 3709383).
LogModuleManager: Display: Found up-to-date module file ../../../Engine/Plugins/Online/OnlineSubsystemUtils/Binaries/Win64/UE4Editor-OnlineSubsystemUtils.dll (API version 3709383).
LogModuleManager: Display: Found up-to-date module file ../../../Engine/Plugins/Online/OnlineSubsystemUtils/Binaries/Win64/UE4Editor-OnlineBlueprintSupport.dll (API version 3709383).
LogModuleManager: Display: Found up-to-date module file ../../../Engine/Plugins/Runtime/AndroidDeviceProfileSelector/Binaries/Win64/UE4Editor-AndroidDeviceProfileSelector.dll (API version 3709383).
LogModuleManager: Display: Found up-to-date module file ../../../Engine/Plugins/Runtime/AppleARKit/Binaries/Win64/UE4Editor-AppleARKit.dll (API version 3709383).
LogModuleManager: Display: Found up-to-date module file ../../../Engine/Plugins/Runtime/ArchVisCharacter/Binaries/Win64/UE4Editor-ArchVisCharacter.dll (API version 3709383).
LogModuleManager: Display: Found up-to-date module file ../../../Engine/Plugins/Runtime/CableComponent/Binaries/Win64/UE4Editor-CableComponent.dll (API version 3709383).
LogModuleManager: Display: Found up-to-date module file ../../../Engine/Plugins/Runtime/CustomMeshComponent/Binaries/Win64/UE4Editor-CustomMeshComponent.dll (API version 3709383).
LogModuleManager: Display: Found up-to-date module file ../../../Engine/Plugins/Runtime/ExampleDeviceProfileSelector/Binaries/Win64/UE4Editor-ExampleDeviceProfileSelector.dll (API version 3709383).
LogModuleManager: Display: Found up-to-date module file ../../../Engine/Plugins/Runtime/ImmediatePhysics/Binaries/Win64/UE4Editor-ImmediatePhysics.dll (API version 3709383).
LogModuleManager: Display: Found up-to-date module file ../../../Engine/Plugins/Runtime/ImmediatePhysics/Binaries/Win64/UE4Editor-ImmediatePhysicsEditor.dll (API version 3709383).
LogModuleManager: Display: Found up-to-date module file ../../../Engine/Plugins/Runtime/LocationServicesBPLibrary/Binaries/Win64/UE4Editor-LocationServicesBPLibrary.dll (API version 3709383).
LogModuleManager: Display: Found up-to-date module file ../../../Engine/Plugins/Runtime/MobilePatchingUtils/Binaries/Win64/UE4Editor-MobilePatchingUtils.dll (API version 3709383).
LogModuleManager: Display: Found up-to-date module file ../../../Engine/Plugins/Runtime/Oculus/OculusVR/Binaries/Win64/UE4Editor-OculusHMD.dll (API version 3709383).
LogModuleManager: Display: Found up-to-date module file ../../../Engine/Plugins/Runtime/Oculus/OculusVR/Binaries/Win64/UE4Editor-OculusInput.dll (API version 3709383).
LogModuleManager: Display: Found up-to-date module file ../../../Engine/Plugins/Runtime/Oculus/OculusVR/Binaries/Win64/UE4Editor-OculusEditor.dll (API version 3709383).
LogModuleManager: Display: Found up-to-date module file ../../../Engine/Plugins/Runtime/PhysXVehicles/Binaries/Win64/UE4Editor-PhysXVehicles.dll (API version 3709383).
LogModuleManager: Display: Found up-to-date module file ../../../Engine/Plugins/Runtime/PhysXVehicles/Binaries/Win64/UE4Editor-PhysXVehiclesEditor.dll (API version 3709383).
LogModuleManager: Display: Found up-to-date module file ../../../Engine/Plugins/Runtime/ProceduralMeshComponent/Binaries/Win64/UE4Editor-ProceduralMeshComponent.dll (API version 3709383).
LogModuleManager: Display: Found up-to-date module file ../../../Engine/Plugins/Runtime/ProceduralMeshComponent/Binaries/Win64/UE4Editor-ProceduralMeshComponentEditor.dll (API version 3709383).
LogModuleManager: Display: Found up-to-date module file ../../../Engine/Plugins/Runtime/RuntimePhysXCooking/Binaries/Win64/UE4Editor-RuntimePhysXCooking.dll (API version 3709383).
LogModuleManager: Display: Found up-to-date module file ../../../Engine/Plugins/Runtime/Steam/SteamVR/Binaries/Win64/UE4Editor-SteamVR.dll (API version 3709383).
LogModuleManager: Display: Found up-to-date module file ../../../Engine/Plugins/Runtime/Steam/SteamVR/Binaries/Win64/UE4Editor-SteamVRController.dll (API version 3709383).
LogModuleManager: Display: Found up-to-date module file ../../../Engine/Plugins/Runtime/WindowsMoviePlayer/Binaries/Win64/UE4Editor-WindowsMoviePlayer.dll (API version 3709383).
LogPluginManager: Mounting plugin Paper2D
LogPluginManager: Mounting plugin LightPropagationVolume
LogPluginManager: Mounting plugin CodeLiteSourceCodeAccess
LogPluginManager: Mounting plugin GitSourceControl
LogPluginManager: Mounting plugin KDevelopSourceCodeAccess
LogPluginManager: Mounting plugin NullSourceCodeAccess
LogPluginManager: Mounting plugin PerforceSourceControl
LogPluginManager: Mounting plugin SubversionSourceControl
LogPluginManager: Mounting plugin UObjectPlugin
LogPluginManager: Mounting plugin VisualStudioCodeSourceCodeAccess
LogPluginManager: Mounting plugin VisualStudioSourceCodeAccess
LogPluginManager: Mounting plugin XCodeSourceCodeAccess
LogPluginManager: Mounting plugin AssetManagerEditor
LogPluginManager: Mounting plugin AudioCapture
LogPluginManager: Mounting plugin FacialAnimation
LogPluginManager: Mounting plugin GameplayTagsEditor
LogPluginManager: Mounting plugin MobileLauncherProfileWizard
LogPluginManager: Mounting plugin PluginBrowser
LogPluginManager: Mounting plugin SpeedTreeImporter
LogPluginManager: Mounting plugin AlembicImporter
LogPluginManager: Mounting plugin CharacterAI
LogPluginManager: Mounting plugin HTML5Networking
LogPluginManager: Mounting plugin AndroidMedia
LogPluginManager: Mounting plugin AvfMedia
LogPluginManager: Mounting plugin ImgMedia
LogPluginManager: Mounting plugin MediaCompositing
LogPluginManager: Mounting plugin MediaPlayerEditor
LogPluginManager: Mounting plugin WmfMedia
LogPluginManager: Mounting plugin TcpMessaging
LogPluginManager: Mounting plugin UdpMessaging
LogPluginManager: Mounting plugin ActorSequence
LogPluginManager: Mounting plugin LevelSequenceEditor
LogPluginManager: Mounting plugin MatineeToLevelSequence
LogPluginManager: Mounting plugin OnlineSubsystemGooglePlay
LogPluginManager: Mounting plugin OnlineSubsystemIOS
LogPluginManager: Mounting plugin OnlineSubsystem
LogPluginManager: Mounting plugin OnlineSubsystemNull
LogPluginManager: Mounting plugin OnlineSubsystemUtils
LogPluginManager: Mounting plugin AndroidDeviceProfileSelector
LogPluginManager: Mounting plugin AndroidMoviePlayer
LogPluginManager: Mounting plugin AndroidPermission
LogPluginManager: Mounting plugin AppleARKit
LogPluginManager: Mounting plugin AppleMoviePlayer
LogPluginManager: Mounting plugin ArchVisCharacter
LogPluginManager: Mounting plugin CableComponent
LogPluginManager: Mounting plugin CustomMeshComponent
LogPluginManager: Mounting plugin ExampleDeviceProfileSelector
LogPluginManager: Mounting plugin GoogleCloudMessaging
LogPluginManager: Mounting plugin ImmediatePhysics
LogPluginManager: Mounting plugin IOSDeviceProfileSelector
LogPluginManager: Mounting plugin LinuxDeviceProfileSelector
LogPluginManager: Mounting plugin LocationServicesBPLibrary
LogPluginManager: Mounting plugin MobilePatchingUtils
LogPluginManager: Mounting plugin OculusVR
LogPluginManager: Plugin shader directory ../../../Engine/Plugins/Runtime/Oculus/OculusVR/Shaders found
LogPluginManager: Mapping shader source directory ../../../Engine/Plugins/Runtime/Oculus/OculusVR/Shaders to virtual directory /Plugin/OculusVR
LogPluginManager: Mounting plugin PhysXVehicles
LogPluginManager: Mounting plugin ProceduralMeshComponent
LogPluginManager: Mounting plugin RuntimePhysXCooking
LogPluginManager: Mounting plugin SteamVR
LogPluginManager: Mounting plugin WindowsMoviePlayer
LogInit: Using libcurl 7.47.1
LogInit:  - built for x86_64-pc-win32
LogInit:  - supports SSL with OpenSSL/1.0.2g
LogInit:  - supports HTTP deflate (compression) using libz 1.2.8
LogInit:  - other features:
LogInit:      CURL_VERSION_SSL
LogInit:      CURL_VERSION_LIBZ
LogInit:      CURL_VERSION_IPV6
LogInit:      CURL_VERSION_ASYNCHDNS
LogInit:      CURL_VERSION_LARGEFILE
LogInit:      CURL_VERSION_IDN
LogInit:  CurlRequestOptions (configurable via config and command line):
LogInit:  - bVerifyPeer = false  - Libcurl will NOT verify peer certificate
LogInit:  - bUseHttpProxy = false  - Libcurl will NOT use HTTP proxy
LogInit:  - bDontReuseConnections = false  - Libcurl will reuse connections
LogInit:  - CertBundlePath = nullptr  - Libcurl will use whatever was configured at build time.
LogInit: Build: ++UE4+Release-4.18-CL-3832480
LogInit: Engine Version: 4.18.3-3832480+++UE4+Release-4.18
LogInit: Compatible Engine Version: 4.18.0-3709383+++UE4+Release-4.18
LogInit: Net CL: 3709383
LogDevObjectVersion: Number of dev versions registered: 16
LogDevObjectVersion:   Dev-Blueprints (B0D832E4-1F89-4F0D-ACCF-7EB736FD4AA2): 10
LogDevObjectVersion:   Dev-Build (E1C64328-A22C-4D53-A36C-8E866417BD8C): 0
LogDevObjectVersion:   Dev-Core (375EC13C-06E4-48FB-B500-84F0262A717E): 2
LogDevObjectVersion:   Dev-Editor (E4B068ED-F494-42E9-A231-DA0B2E46BB41): 20
LogDevObjectVersion:   Dev-Framework (CFFC743F-43B0-4480-9391-14DF171D2073): 30
LogDevObjectVersion:   Dev-Mobile (B02B49B5-BB20-44E9-A304-32B752E40360): 0
LogDevObjectVersion:   Dev-Networking (A4E4105C-59A1-49B5-A7C5-40C4547EDFEE): 0
LogDevObjectVersion:   Dev-Online (39C831C9-5AE6-47DC-9A44-9C173E1C8E7C): 0
LogDevObjectVersion:   Dev-Physics (78F01B33-EBEA-4F98-B9B4-84EACCB95AA2): 0
LogDevObjectVersion:   Dev-Platform (6631380F-2D4D-43E0-8009-CF276956A95A): 0
LogDevObjectVersion:   Dev-Rendering (12F88B9F-8875-4AFC-A67C-D90C383ABD29): 20
LogDevObjectVersion:   Dev-Sequencer (7B5AE74C-D270-4C10-A958-57980B212A5A): 4
LogDevObjectVersion:   Dev-VR (D7296918-1DD6-4BDD-9DE2-64A83CC13884): 0
LogDevObjectVersion:   Dev-LoadTimes (C2A15278-BFE7-4AFE-6C17-90FF531DF755): 1
LogDevObjectVersion:   Private-Geometry (6EACA3D4-40EC-4CC1-B786-8BED09428FC5): 1
LogDevObjectVersion:   Dev-AnimPhys (29E575DD-E0A3-4627-9D10-D276232CDCEA): 12
LogInit: Compiled (64-bit): Jan 12 2018 02:04:55
LogInit: Compiled with Visual C++: 19.00.24215.01
LogInit: Build Configuration: Development
LogInit: Branch Name: ++UE4+Release-4.18
LogInit: Command line:  
LogInit: Base directory: C:/Program Files/Epic Games/UE_4.18/Engine/Binaries/Win64/
LogInit: Installed Engine Build: 1
LogInit: Presizing for max 8388607 objects, including 0 objects not considered by GC, pre-allocating 0 bytes for permanent pool.
LogInit: Object subsystem initialized
[2018.02.26-05.55.59:766][  0]LogInit: Selected Device Profile: [Windows]
[2018.02.26-05.55.59:766][  0]LogInit: Applying CVar settings loaded from the selected device profile: [Windows]
[2018.02.26-05.55.59:782][  0]LogInit: Computer: TOKEYO
[2018.02.26-05.55.59:782][  0]LogInit: User: jpyepez
[2018.02.26-05.55.59:782][  0]LogInit: CPU Page size=4096, Cores=6
[2018.02.26-05.55.59:782][  0]LogInit: High frequency timer resolution =3.410074 MHz
[2018.02.26-05.55.59:782][  0]LogMemory: Memory total: Physical=7.9GB (8GB approx)
[2018.02.26-05.55.59:782][  0]LogMemory: Platform Memory Stats for Windows
[2018.02.26-05.55.59:782][  0]LogMemory: Process Physical Memory: 272.88 MB used, 272.88 MB peak
[2018.02.26-05.55.59:782][  0]LogMemory: Process Virtual Memory: 272.05 MB used, 272.05 MB peak
[2018.02.26-05.55.59:782][  0]LogMemory: Physical Memory: 3248.46 MB used,  4865.91 MB free, 8114.37 MB total
[2018.02.26-05.55.59:782][  0]LogMemory: Virtual Memory: 651.60 MB used,  4865.91 MB free, 134217728.00 MB total
[2018.02.26-05.56.00:038][  0]LogInit: Using OS detected language (en-US).
[2018.02.26-05.56.00:038][  0]LogInit: Using OS detected locale (en-US).
[2018.02.26-05.56.00:071][  0]LogTextLocalizationManager: No specific localization for 'en-US' exists, so the 'en' localization will be used.
[2018.02.26-05.56.00:463][  0]LogInit: Setting process to per monitor DPI aware
[2018.02.26-05.56.02:119][  0]LogD3D11RHI: D3D11 adapters:
[2018.02.26-05.56.02:159][  0]LogD3D11RHI:    0. 'NVIDIA GeForce GTX 1070' (Feature Level 11_0)
[2018.02.26-05.56.02:159][  0]LogD3D11RHI:       8085/0/4057 MB DedicatedVideo/DedicatedSystem/SharedSystem, Outputs:2, VendorId:0x10de
[2018.02.26-05.56.02:161][  0]LogD3D11RHI:    1. 'Microsoft Basic Render Driver' (Feature Level 11_0)
[2018.02.26-05.56.02:161][  0]LogD3D11RHI:       0/0/4057 MB DedicatedVideo/DedicatedSystem/SharedSystem, Outputs:0, VendorId:0x1414
[2018.02.26-05.56.02:161][  0]LogD3D11RHI: Chosen D3D11 Adapter: 0
[2018.02.26-05.56.02:166][  0]LogD3D11RHI: Creating new Direct3DDevice
[2018.02.26-05.56.02:166][  0]LogD3D11RHI:     GPU DeviceId: 0x1b81 (for the marketing name, search the web for "GPU Device Id")
[2018.02.26-05.56.02:166][  0]LogWindows: EnumDisplayDevices:
[2018.02.26-05.56.02:166][  0]LogWindows:    0. 'NVIDIA GeForce GTX 1070' (P:1 D:1)
[2018.02.26-05.56.02:166][  0]LogWindows:    1. 'NVIDIA GeForce GTX 1070' (P:0 D:1)
[2018.02.26-05.56.02:166][  0]LogWindows:    2. 'NVIDIA GeForce GTX 1070' (P:0 D:0)
[2018.02.26-05.56.02:167][  0]LogWindows:    3. 'NVIDIA GeForce GTX 1070' (P:0 D:0)
[2018.02.26-05.56.02:167][  0]LogWindows: DebugString: FoundDriverCount:4 
[2018.02.26-05.56.02:167][  0]LogD3D11RHI:     Adapter Name: NVIDIA GeForce GTX 1070
[2018.02.26-05.56.02:167][  0]LogD3D11RHI:   Driver Version: 384.94 (internal:22.21.13.8494, unified:384.94)
[2018.02.26-05.56.02:167][  0]LogD3D11RHI:      Driver Date: 7-18-2017
[2018.02.26-05.56.02:167][  0]LogRHI: Texture pool is 5660 MB (70% of 8085 MB)
[2018.02.26-05.56.02:198][  0]LogD3D11RHI: Async texture creation enabled
[2018.02.26-05.56.02:208][  0]LogD3D11RHI: GPU Timing Frequency: 1000.000000 (Debug: 2 1)
[2018.02.26-05.56.02:253][  0]LogShaderCompilers: Guid format shader working directory is -20 characters bigger than the processId version (../../../../../../Users/jpyepez/Documents/Unreal Projects/UE4Pinball/Intermediate/Shaders/WorkingDirectory/2624/).
[2018.02.26-05.56.02:253][  0]LogShaderCompilers: Cleaned the shader compiler working directory 'C:/Users/jpyepez/AppData/Local/Temp/UnrealShaderWorkingDir/E117344C44F7D9CB055789BD8A815F52/'.
[2018.02.26-05.56.02:253][  0]LogShaderCompilers: Display: Using Local Shader Compiler.
[2018.02.26-05.56.03:771][  0]LogTemp: Display: Loaded TP AllDesktopTargetPlatform
[2018.02.26-05.56.03:818][  0]LogTemp: Display: Loaded TP MacClientTargetPlatform
[2018.02.26-05.56.03:864][  0]LogTemp: Display: Loaded TP MacNoEditorTargetPlatform
[2018.02.26-05.56.03:910][  0]LogTemp: Display: Loaded TP MacServerTargetPlatform
[2018.02.26-05.56.03:960][  0]LogTemp: Display: Loaded TP MacTargetPlatform
[2018.02.26-05.56.04:007][  0]LogTemp: Display: Loaded TP WindowsClientTargetPlatform
[2018.02.26-05.56.04:055][  0]LogTemp: Display: Loaded TP WindowsNoEditorTargetPlatform
[2018.02.26-05.56.04:102][  0]LogTemp: Display: Loaded TP WindowsServerTargetPlatform
[2018.02.26-05.56.04:142][  0]LogTemp: Display: Loaded TP WindowsTargetPlatform
[2018.02.26-05.56.04:187][  0]LogTemp: Display: Loaded TP Android_ASTCTargetPlatform
[2018.02.26-05.56.04:231][  0]LogTemp: Display: Loaded TP Android_ATCTargetPlatform
[2018.02.26-05.56.04:276][  0]LogTemp: Display: Loaded TP Android_DXTTargetPlatform
[2018.02.26-05.56.04:321][  0]LogTemp: Display: Loaded TP Android_ETC1TargetPlatform
[2018.02.26-05.56.04:366][  0]LogTemp: Display: Loaded TP Android_ETC2TargetPlatform
[2018.02.26-05.56.04:456][  0]LogTemp: Display: Loaded TP Android_MultiTargetPlatform
[2018.02.26-05.56.04:456][  0]LogTemp: Display: Loaded TP Android_PVRTCTargetPlatform
[2018.02.26-05.56.04:504][  0]LogTemp: Display: Loaded TP AndroidTargetPlatform
[2018.02.26-05.56.04:540][  0]LogTemp: Display: Loaded TP HTML5TargetPlatform
[2018.02.26-05.56.04:626][  0]LogTemp: Display: Loaded TP IOSTargetPlatform
[2018.02.26-05.56.04:649][  0]LogTemp: Display: Loaded TP TVOSTargetPlatform
[2018.02.26-05.56.04:694][  0]LogTemp: Display: Loaded TP LinuxClientTargetPlatform
[2018.02.26-05.56.04:739][  0]LogTemp: Display: Loaded TP LinuxNoEditorTargetPlatform
[2018.02.26-05.56.04:783][  0]LogTemp: Display: Loaded TP LinuxServerTargetPlatform
[2018.02.26-05.56.04:832][  0]LogTemp: Display: Loaded TP LinuxTargetPlatform
[2018.02.26-05.56.04:832][  0]LogTargetPlatformManager: Display: Building Assets For Windows
[2018.02.26-05.56.05:279][  0]LogDerivedDataCache: Display: Max Cache Size: 512 MB
[2018.02.26-05.56.05:372][  0]LogDerivedDataCache: Loaded boot cache 0.09s 78MB C:/Users/jpyepez/AppData/Local/UnrealEngine/4.18/DerivedDataCache/Boot.ddc.
[2018.02.26-05.56.05:372][  0]LogDerivedDataCache: Display: Loaded Boot cache: C:/Users/jpyepez/AppData/Local/UnrealEngine/4.18/DerivedDataCache/Boot.ddc
[2018.02.26-05.56.05:373][  0]LogDerivedDataCache: FDerivedDataBackendGraph:  Pak pak cache file ../../../../../../Users/jpyepez/Documents/Unreal Projects/UE4Pinball/DerivedDataCache/DDC.ddp not found, will not use a pak cache.
[2018.02.26-05.56.05:373][  0]LogDerivedDataCache: Unable to find inner node Pak for hierarchical cache Hierarchy.
[2018.02.26-05.56.05:373][  0]LogDerivedDataCache: FDerivedDataBackendGraph:  CompressedPak pak cache file ../../../../../../Users/jpyepez/Documents/Unreal Projects/UE4Pinball/DerivedDataCache/Compressed.ddp not found, will not use a pak cache.
[2018.02.26-05.56.05:373][  0]LogDerivedDataCache: Unable to find inner node CompressedPak for hierarchical cache Hierarchy.
[2018.02.26-05.56.05:394][  0]LogDerivedDataCache: Display: Pak cache opened for reading ../../../Engine/DerivedDataCache/Compressed.ddp.
[2018.02.26-05.56.05:406][  0]LogDerivedDataCache: Using Local data cache path C:/Users/jpyepez/AppData/Local/UnrealEngine/Common/DerivedDataCache: Writable
[2018.02.26-05.56.05:415][  0]LogMaterial: Verifying Global Shaders for PCD3D_SM5
[2018.02.26-05.56.05:415][  0]LogSlate: Using Freetype 2.6.0
[2018.02.26-05.56.05:425][  0]LogSlate: SlateFontCache - WITH_FREETYPE: 1, WITH_HARFBUZZ: 1
[2018.02.26-05.56.05:425][  0]LogSlate: SlateFontCache - WITH_FREETYPE: 1, WITH_HARFBUZZ: 1
[2018.02.26-05.56.05:886][  0]LogInit: Selected Device Profile: [Windows]
[2018.02.26-05.56.06:288][  0]LogSimplygon: Simplygon DLL not present - disabling.
[2018.02.26-05.56.06:324][  0]LogMeshReduction: Using SimplygonSwarm for distributed automatic mesh merging
[2018.02.26-05.56.06:324][  0]LogMeshReduction: Using QuadricMeshReduction for automatic static mesh reduction
[2018.02.26-05.56.06:324][  0]LogMeshReduction: No automatic skeletal mesh reduction module available
[2018.02.26-05.56.06:324][  0]LogMeshReduction: No automatic mesh merging module available
[2018.02.26-05.56.06:324][  0]LogMeshMerging: No automatic mesh merging module available
[2018.02.26-05.56.06:367][  0]LogNetVersion: UE4Pinball , NetCL: 3709383, EngineNetVer: 2, GameNetVer: 0 (Checksum: 1792839765)
[2018.02.26-05.56.06:656][  0]LogAssetRegistry: FAssetRegistry took 0.0257 seconds to start up
[2018.02.26-05.56.07:459][  0]LogPackageLocalizationCache: Processed 7 localized package path(s) for 2 prioritized culture(s) in 0.059449 seconds
[2018.02.26-05.56.07:463][  0]LogUObjectArray: 35870 objects as part of root set at end of initial load.
[2018.02.26-05.56.07:463][  0]LogUObjectAllocator: 7363696 out of 0 bytes used by permanent object pool.
[2018.02.26-05.56.07:463][  0]LogUObjectArray: CloseDisregardForGC: 0/0 objects in disregard for GC pool
[2018.02.26-05.56.07:508][  0]LogInit: WinSock: version 1.1 (2.2), MaxSocks=32767, MaxUdp=65467
[2018.02.26-05.56.11:586][  0]LogTcpMessaging: Initializing TcpMessaging bridge
[2018.02.26-05.56.11:626][  0]LogUdpMessaging: Initializing bridge on interface 0.0.0.0:0 to multicast group 230.0.0.1:6666.
[2018.02.26-05.56.12:324][  0]LogMaterial: Uniform references updated for custom material expression Custom.
[2018.02.26-05.56.12:774][  0]SourceControl: Source control is disabled
[2018.02.26-05.56.12:774][  0]SourceControl: Source control is disabled
[2018.02.26-05.56.12:824][  0]SourceControl: Source control is disabled
[2018.02.26-05.56.12:871][  0]SourceControl: Source control is disabled
[2018.02.26-05.56.13:641][  0]LogAndroidPermission: UAndroidPermissionCallbackProxy::GetInstance
[2018.02.26-05.56.13:889][  0]LogOcInput: OculusInput pre-init called
[2018.02.26-05.56.14:177][  0]LogEngine: Initializing Engine...
[2018.02.26-05.56.14:178][  0]LogHMD: Failed to initialize OpenVR with code 110
[2018.02.26-05.56.14:520][  0]LogStats: UGameplayTagsManager::ConstructGameplayTagTree: Construct from data asset -  0.000 s
[2018.02.26-05.56.14:520][  0]LogStats: UGameplayTagsManager::ConstructGameplayTagTree: GameplayTagTreeChangedEvent.Broadcast -  0.000 s
[2018.02.26-05.56.14:636][  0]LogAIModule: Creating AISystem for world Untitled
[2018.02.26-05.56.14:642][  0]LogInit: XAudio2 using 'Speakers / Headphones (Realtek High Definition Audio)' : 2 channels at 48 kHz using 32 bits per sample (channel mask 0x3)
[2018.02.26-05.56.14:765][  0]LogInit: FAudioDevice initialized.
[2018.02.26-05.56.14:848][  0]LogDerivedDataCache: Saved boot cache 0.08s 78MB C:/Users/jpyepez/AppData/Local/UnrealEngine/4.18/DerivedDataCache/Boot.ddc.
[2018.02.26-05.56.14:864][  0]LogInit: Texture streaming: Enabled
[2018.02.26-05.56.14:951][  0]LogEngineSessionManager: EngineSessionManager initialized
[2018.02.26-05.56.15:065][  0]LogInit: Transaction tracking system initialized
[2018.02.26-05.56.15:344][  0]BlueprintLog: New page: Editor Load
[2018.02.26-05.56.16:128][  0]LocalizationService: Localization service is disabled
[2018.02.26-05.56.16:798][  0]LogConsoleResponse: Display: 
[2018.02.26-05.56.17:216][  0]LogCook: Display: Max memory allowance for cook 16384mb min free memory 0mb
[2018.02.26-05.56.17:216][  0]LogCook: Display: Mobile HDR setting 1
[2018.02.26-05.56.17:217][  0]LogGameplayTags: Display: UGameplayTagsManager::DoneAddingNativeTags. DelegateIsBound: 0
[2018.02.26-05.56.17:658][  0]LogFileCache: Scanning file cache for directory 'C:/Users/jpyepez/Documents/Unreal Projects/UE4Pinball/Content/' took 0.02s
[2018.02.26-05.56.18:346][  0]SourceControl: Source control is disabled
[2018.02.26-05.56.18:346][  0]Cmd: MAP LOAD FILE="../../../../../../Users/jpyepez/Documents/Unreal Projects/UE4Pinball/Content/PinballMap.umap" TEMPLATE=0 SHOWPROGRESS=1 FEATURELEVEL=3
[2018.02.26-05.56.18:346][  0]LightingResults: New page: Lighting Build
[2018.02.26-05.56.18:383][  0]MapCheck: New page: Map Check
[2018.02.26-05.56.18:384][  0]LightingResults: New page: Lighting Build
[2018.02.26-05.56.18:863][  0]LogAIModule: Creating AISystem for world PinballMap
[2018.02.26-05.56.18:878][  0]LogEditorServer: Finished looking for orphan Actors (0.000 secs)
[2018.02.26-05.56.18:892][  0]Cmd: MAP CHECKDEP NOCLEARLOG
[2018.02.26-05.56.18:943][  0]MapCheck: Map check complete: 0 Error(s), 0 Warning(s), took 50.657ms to complete.
[2018.02.26-05.56.18:943][  0]LogFileHelpers: Loading map 'PinballMap' took 0.597
[2018.02.26-05.56.19:099][  0]LogCollectionManager: Loaded 0 collections in 0.001592 seconds
[2018.02.26-05.56.19:176][  0]LogFileCache: Scanning file cache for directory 'C:/Users/jpyepez/Documents/Unreal Projects/UE4Pinball/Saved/Collections/' took 0.01s
[2018.02.26-05.56.19:176][  0]LogFileCache: Scanning file cache for directory 'C:/Users/jpyepez/Documents/Unreal Projects/UE4Pinball/Content/Developers/jpyepez/Collections/' took 0.01s
[2018.02.26-05.56.19:176][  0]LogFileCache: Scanning file cache for directory 'C:/Users/jpyepez/Documents/Unreal Projects/UE4Pinball/Content/Collections/' took 0.01s
[2018.02.26-05.56.19:176][  0]LogCollectionManager: Rebuilt the GUID cache for 0 collections in 0.000000 seconds
[2018.02.26-05.56.19:184][  0]LogContentBrowser: Native class hierarchy populated in 0.0077 seconds. Added 2363 classes and 519 folders.
[2018.02.26-05.56.19:243][  0]LogContentBrowser: Native class hierarchy updated for 'WidgetCarousel' in 0.0002 seconds. Added 0 classes and 0 folders.
[2018.02.26-05.56.19:485][  0]LogContentBrowser: Native class hierarchy updated for 'AddContentDialog' in 0.0002 seconds. Added 0 classes and 0 folders.
[2018.02.26-05.56.19:526][  0]LogContentBrowser: Native class hierarchy updated for 'SceneOutliner' in 0.0002 seconds. Added 1 classes and 2 folders.
[2018.02.26-05.56.19:583][  0]LogSlate: Took 0.003687 seconds to synchronously load lazily loaded font '../../../Engine/Content/Slate/Fonts/Roboto-Regular.ttf' (155K)
[2018.02.26-05.56.19:590][  0]LogSlate: Took 0.003298 seconds to synchronously load lazily loaded font '../../../Engine/Content/Slate/Fonts/Roboto-Bold.ttf' (160K)
[2018.02.26-05.56.19:595][  0]LogSlate: Took 0.003235 seconds to synchronously load lazily loaded font '../../../Engine/Content/Editor/Slate/Fonts/FontAwesome.ttf' (139K)
[2018.02.26-05.56.19:688][  0]LogRenderer: Reallocating scene render targets to support 1248x460 Format 10 NumSamples 1 (Frame:1).
[2018.02.26-05.56.19:742][  0]LogSlate: Took 0.003547 seconds to synchronously load lazily loaded font '../../../Engine/Content/Slate/Fonts/Roboto-Light.ttf' (159K)
[2018.02.26-05.56.19:902][  0]LogContentBrowser: Native class hierarchy updated for 'HierarchicalLODOutliner' in 0.0002 seconds. Added 1 classes and 2 folders.
[2018.02.26-05.56.19:902][  0]LogLoad: (Engine Initialization) Total time: 22.99 seconds
[2018.02.26-05.56.19:902][  0]LogLoad: (Engine Initialization) Total Blueprint compile time: 0.00 seconds
[2018.02.26-05.56.19:902][  0]LogExternalProfiler: No external profilers were discovered.  External profiling features will not be available.
[2018.02.26-05.56.19:930][  0]LogContentStreaming: Texture pool size now 1000 MB
[2018.02.26-05.56.20:013][  1]LogAssetRegistry: Asset discovery search completed in 13.3782 seconds
[2018.02.26-05.56.20:015][  1]LogCollectionManager: Rebuilt the object cache for 0 collections in 0.000000 seconds (found 0 objects)
[2018.02.26-05.56.20:015][  1]LogCollectionManager: Fixed up redirectors for 0 collections in 0.000046 seconds (updated 0 objects)
[2018.02.26-05.56.20:933][ 92]LogSlate: Took 0.000219 seconds to synchronously load lazily loaded font '../../../Engine/Content/Slate/Fonts/Roboto-Light.ttf' (159K)
[2018.02.26-05.57.02:236][ 41]LogSlate: Took 0.000141 seconds to synchronously load lazily loaded font '../../../Engine/Content/Slate/Fonts/Roboto-Light.ttf' (159K)
[2018.02.26-05.57.02:536][ 41]LogContentBrowser: Native class hierarchy updated for 'BlueprintGraph' in 0.0006 seconds. Added 116 classes and 0 folders.
[2018.02.26-05.57.03:127][ 41]LogSlate: Took 0.000131 seconds to synchronously load lazily loaded font '../../../Engine/Content/Slate/Fonts/Roboto-Regular.ttf' (155K)
[2018.02.26-05.57.03:214][ 41]LogSlate: Took 0.003663 seconds to synchronously load lazily loaded font '../../../Engine/Content/Editor/Slate/Fonts/Roboto-BoldCondensed.ttf' (158K)
[2018.02.26-05.57.03:303][ 42]LogSlate: Took 0.003601 seconds to synchronously load lazily loaded font '../../../Engine/Content/Editor/Slate/Fonts/Roboto-Italic.ttf' (157K)
[2018.02.26-05.57.19:968][876]LogHttp: Warning: 0000019216050B80: request failed, libcurl error: 56 (Failure when receiving data from the peer)
[2018.02.26-05.57.19:968][876]LogHttp: Warning: 0000019216050B80: libcurl info message cache 0 (  Trying 130.195.5.7...)
[2018.02.26-05.57.19:968][876]LogHttp: Warning: 0000019216050B80: libcurl info message cache 1 (Connected to www-cache.ecs.vuw.ac.nz (130.195.5.7) port 8080 (#0))
[2018.02.26-05.57.19:968][876]LogHttp: Warning: 0000019216050B80: libcurl info message cache 2 (Establish HTTP proxy tunnel to datarouter.ol.epicgames.com:443)
[2018.02.26-05.57.19:968][876]LogHttp: Warning: 0000019216050B80: libcurl info message cache 3 (Ignore 3325 bytes of response-body)
[2018.02.26-05.57.19:968][876]LogHttp: Warning: 0000019216050B80: libcurl info message cache 4 (Received HTTP code 407 from proxy after CONNECT)
[2018.02.26-05.57.19:968][876]LogHttp: Warning: 0000019216050B80: libcurl info message cache 5 (Closing connection 0)
[2018.02.26-05.57.29:928][ 58]LogSlate: Took 0.003654 seconds to synchronously load lazily loaded font '../../../Engine/Content/Editor/Slate/Fonts/Roboto-BoldCondensedItalic.ttf' (160K)
[2018.02.26-05.59.20:202][208]LogHttp: Warning: 00000192373E3E80: request failed, libcurl error: 56 (Failure when receiving data from the peer)
[2018.02.26-05.59.20:202][208]LogHttp: Warning: 00000192373E3E80: libcurl info message cache 0 (Hostname in DNS cache was stale, zapped)
[2018.02.26-05.59.20:202][208]LogHttp: Warning: 00000192373E3E80: libcurl info message cache 1 (  Trying 130.195.5.7...)
[2018.02.26-05.59.20:202][208]LogHttp: Warning: 00000192373E3E80: libcurl info message cache 2 (Connected to www-cache.ecs.vuw.ac.nz (130.195.5.7) port 8080 (#1))
[2018.02.26-05.59.20:202][208]LogHttp: Warning: 00000192373E3E80: libcurl info message cache 3 (Establish HTTP proxy tunnel to datarouter.ol.epicgames.com:443)
[2018.02.26-05.59.20:202][208]LogHttp: Warning: 00000192373E3E80: libcurl info message cache 4 (Ignore 3325 bytes of response-body)
[2018.02.26-05.59.20:202][208]LogHttp: Warning: 00000192373E3E80: libcurl info message cache 5 (Received HTTP code 407 from proxy after CONNECT)
[2018.02.26-05.59.20:202][208]LogHttp: Warning: 00000192373E3E80: libcurl info message cache 6 (Closing connection 1)
[2018.02.26-05.59.53:296][ 74]BlueprintLog: New page: Compile PinballGameMode
[2018.02.26-06.01.20:247][202]LogHttp: Warning: 0000019231D50D00: request failed, libcurl error: 56 (Failure when receiving data from the peer)
[2018.02.26-06.01.20:247][202]LogHttp: Warning: 0000019231D50D00: libcurl info message cache 0 (Hostname in DNS cache was stale, zapped)
[2018.02.26-06.01.20:247][202]LogHttp: Warning: 0000019231D50D00: libcurl info message cache 1 (  Trying 130.195.5.7...)
[2018.02.26-06.01.20:247][202]LogHttp: Warning: 0000019231D50D00: libcurl info message cache 2 (Connected to www-cache.ecs.vuw.ac.nz (130.195.5.7) port 8080 (#2))
[2018.02.26-06.01.20:247][202]LogHttp: Warning: 0000019231D50D00: libcurl info message cache 3 (Establish HTTP proxy tunnel to datarouter.ol.epicgames.com:443)
[2018.02.26-06.01.20:247][202]LogHttp: Warning: 0000019231D50D00: libcurl info message cache 4 (Ignore 3325 bytes of response-body)
[2018.02.26-06.01.20:247][202]LogHttp: Warning: 0000019231D50D00: libcurl info message cache 5 (Received HTTP code 407 from proxy after CONNECT)
[2018.02.26-06.01.20:247][202]LogHttp: Warning: 0000019231D50D00: libcurl info message cache 6 (Closing connection 2)
[2018.02.26-06.01.45:322][138]Cmd: OBJ SAVEPACKAGE PACKAGE="/Game/Blueprints/PinballGameMode" FILE="../../../../../../Users/jpyepez/Documents/Unreal Projects/UE4Pinball/Content/Blueprints/PinballGameMode.uasset" SILENT=true
[2018.02.26-06.01.45:366][138]LogSavePackage: Save=26.79ms
[2018.02.26-06.01.45:366][138]LogSavePackage: Moving '../../../../../../Users/jpyepez/Documents/Unreal Projects/UE4Pinball/Saved/PinballGameMode6CC7B4E345382A3490C1A3A113CB4EEE.tmp' to '../../../../../../Users/jpyepez/Documents/Unreal Projects/UE4Pinball/Content/Blueprints/PinballGameMode.uasset'
[2018.02.26-06.01.45:368][138]LogSavePackage: Display: Finished SavePackage ../../../../../../Users/jpyepez/Documents/Unreal Projects/UE4Pinball/Content/Blueprints/PinballGameMode.uasset
[2018.02.26-06.03.20:271][158]LogHttp: Warning: 0000019286658580: request failed, libcurl error: 56 (Failure when receiving data from the peer)
[2018.02.26-06.03.20:271][158]LogHttp: Warning: 0000019286658580: libcurl info message cache 0 (Hostname in DNS cache was stale, zapped)
[2018.02.26-06.03.20:271][158]LogHttp: Warning: 0000019286658580: libcurl info message cache 1 (  Trying 130.195.5.7...)
[2018.02.26-06.03.20:271][158]LogHttp: Warning: 0000019286658580: libcurl info message cache 2 (Connected to www-cache.ecs.vuw.ac.nz (130.195.5.7) port 8080 (#3))
[2018.02.26-06.03.20:271][158]LogHttp: Warning: 0000019286658580: libcurl info message cache 3 (Establish HTTP proxy tunnel to datarouter.ol.epicgames.com:443)
[2018.02.26-06.03.20:271][158]LogHttp: Warning: 0000019286658580: libcurl info message cache 4 (Ignore 3325 bytes of response-body)
[2018.02.26-06.03.20:271][158]LogHttp: Warning: 0000019286658580: libcurl info message cache 5 (Received HTTP code 407 from proxy after CONNECT)
[2018.02.26-06.03.20:271][158]LogHttp: Warning: 0000019286658580: libcurl info message cache 6 (Closing connection 3)
[2018.02.26-06.04.00:770][750]Cmd: OBJ SAVEPACKAGE PACKAGE="/Game/Blueprints/PinballGameMode" FILE="../../../../../../Users/jpyepez/Documents/Unreal Projects/UE4Pinball/Content/Blueprints/PinballGameMode.uasset" SILENT=true
[2018.02.26-06.04.00:809][750]LogSavePackage: Save=29.56ms
[2018.02.26-06.04.00:809][750]LogSavePackage: Moving '../../../../../../Users/jpyepez/Documents/Unreal Projects/UE4Pinball/Saved/PinballGameMode387AD907461E546447370484F4DD78B0.tmp' to '../../../../../../Users/jpyepez/Documents/Unreal Projects/UE4Pinball/Content/Blueprints/PinballGameMode.uasset'
[2018.02.26-06.04.00:816][750]LogSavePackage: Display: Finished SavePackage ../../../../../../Users/jpyepez/Documents/Unreal Projects/UE4Pinball/Content/Blueprints/PinballGameMode.uasset
[2018.02.26-06.04.02:499][940]Cmd: OBJ SAVEPACKAGE PACKAGE="/Game/Blueprints/PinballGameMode" FILE="../../../../../../Users/jpyepez/Documents/Unreal Projects/UE4Pinball/Content/Blueprints/PinballGameMode.uasset" SILENT=true
[2018.02.26-06.04.02:536][940]LogSavePackage: Save=28.31ms
[2018.02.26-06.04.02:536][940]LogSavePackage: Moving '../../../../../../Users/jpyepez/Documents/Unreal Projects/UE4Pinball/Saved/PinballGameMode490FB4374E541BD654E8B2B32E65B14F.tmp' to '../../../../../../Users/jpyepez/Documents/Unreal Projects/UE4Pinball/Content/Blueprints/PinballGameMode.uasset'
[2018.02.26-06.04.02:537][940]LogSavePackage: Display: Finished SavePackage ../../../../../../Users/jpyepez/Documents/Unreal Projects/UE4Pinball/Content/Blueprints/PinballGameMode.uasset
[2018.02.26-06.04.04:703][184]Cmd: OBJ SAVEPACKAGE PACKAGE="/Game/Blueprints/PinballGameMode" FILE="../../../../../../Users/jpyepez/Documents/Unreal Projects/UE4Pinball/Content/Blueprints/PinballGameMode.uasset" SILENT=true
[2018.02.26-06.04.04:739][184]LogSavePackage: Save=28.36ms
[2018.02.26-06.04.04:739][184]LogSavePackage: Moving '../../../../../../Users/jpyepez/Documents/Unreal Projects/UE4Pinball/Saved/PinballGameMode04D4B86549A53BD79022F5A1E34AD596.tmp' to '../../../../../../Users/jpyepez/Documents/Unreal Projects/UE4Pinball/Content/Blueprints/PinballGameMode.uasset'
[2018.02.26-06.04.04:741][184]LogSavePackage: Display: Finished SavePackage ../../../../../../Users/jpyepez/Documents/Unreal Projects/UE4Pinball/Content/Blueprints/PinballGameMode.uasset
[2018.02.26-06.05.20:339][342]LogHttp: Warning: 00000192945D0B80: request failed, libcurl error: 56 (Failure when receiving data from the peer)
[2018.02.26-06.05.20:340][342]LogHttp: Warning: 00000192945D0B80: libcurl info message cache 0 (Hostname in DNS cache was stale, zapped)
[2018.02.26-06.05.20:340][342]LogHttp: Warning: 00000192945D0B80: libcurl info message cache 1 (  Trying 130.195.5.7...)
[2018.02.26-06.05.20:340][342]LogHttp: Warning: 00000192945D0B80: libcurl info message cache 2 (Connected to www-cache.ecs.vuw.ac.nz (130.195.5.7) port 8080 (#4))
[2018.02.26-06.05.20:340][342]LogHttp: Warning: 00000192945D0B80: libcurl info message cache 3 (Establish HTTP proxy tunnel to datarouter.ol.epicgames.com:443)
[2018.02.26-06.05.20:340][342]LogHttp: Warning: 00000192945D0B80: libcurl info message cache 4 (Ignore 3325 bytes of response-body)
[2018.02.26-06.05.20:340][342]LogHttp: Warning: 00000192945D0B80: libcurl info message cache 5 (Received HTTP code 407 from proxy after CONNECT)
[2018.02.26-06.05.20:340][342]LogHttp: Warning: 00000192945D0B80: libcurl info message cache 6 (Closing connection 4)
[2018.02.26-06.06.55:269][404]LogFileHelpers: Editor autosave (incl. sublevels) for '/Game/PinballMap' took 0.022
[2018.02.26-06.06.55:270][404]OBJ SavePackage: Generating thumbnails for [1] asset(s) in package [/Game/Blueprints/BP_Bumper] ([1] browsable assets)...
[2018.02.26-06.06.55:281][404]OBJ SavePackage:     Rendered thumbnail for [Blueprint /Game/Blueprints/BP_Bumper.BP_Bumper]
[2018.02.26-06.06.55:281][404]OBJ SavePackage: Finished generating thumbnails for package [/Game/Blueprints/BP_Bumper]
[2018.02.26-06.06.55:348][404]LogSavePackage: Save=52.45ms
[2018.02.26-06.06.55:348][404]LogSavePackage: Moving '../../../../../../Users/jpyepez/Documents/Unreal Projects/UE4Pinball/Saved/BP_Bumper_Auto13F21C34144688AA1B309BEAF68289E1E.tmp' to '../../../../../../Users/jpyepez/Documents/Unreal Projects/UE4Pinball/Saved/Autosaves/Game/Blueprints/BP_Bumper_Auto1.uasset'
[2018.02.26-06.06.55:350][404]LogSavePackage: Display: Finished SavePackage ../../../../../../Users/jpyepez/Documents/Unreal Projects/UE4Pinball/Saved/Autosaves/Game/Blueprints/BP_Bumper_Auto1.uasset
[2018.02.26-06.06.55:350][404]LogFileHelpers: Auto-saving content packages took 0.080
[2018.02.26-06.07.20:394][925]LogHttp: Warning: 0000019290541480: request failed, libcurl error: 56 (Failure when receiving data from the peer)
[2018.02.26-06.07.20:394][925]LogHttp: Warning: 0000019290541480: libcurl info message cache 0 (Hostname in DNS cache was stale, zapped)
[2018.02.26-06.07.20:394][925]LogHttp: Warning: 0000019290541480: libcurl info message cache 1 (  Trying 130.195.5.7...)
[2018.02.26-06.07.20:394][925]LogHttp: Warning: 0000019290541480: libcurl info message cache 2 (Connected to www-cache.ecs.vuw.ac.nz (130.195.5.7) port 8080 (#5))
[2018.02.26-06.07.20:394][925]LogHttp: Warning: 0000019290541480: libcurl info message cache 3 (Establish HTTP proxy tunnel to datarouter.ol.epicgames.com:443)
[2018.02.26-06.07.20:394][925]LogHttp: Warning: 0000019290541480: libcurl info message cache 4 (Ignore 3325 bytes of response-body)
[2018.02.26-06.07.20:394][925]LogHttp: Warning: 0000019290541480: libcurl info message cache 5 (Received HTTP code 407 from proxy after CONNECT)
[2018.02.26-06.07.20:394][925]LogHttp: Warning: 0000019290541480: libcurl info message cache 6 (Closing connection 5)
[2018.02.26-06.09.20:421][547]LogHttp: Warning: 0000019237338D00: request failed, libcurl error: 56 (Failure when receiving data from the peer)
[2018.02.26-06.09.20:421][547]LogHttp: Warning: 0000019237338D00: libcurl info message cache 0 (Hostname in DNS cache was stale, zapped)
[2018.02.26-06.09.20:421][547]LogHttp: Warning: 0000019237338D00: libcurl info message cache 1 (  Trying 130.195.5.7...)
[2018.02.26-06.09.20:421][547]LogHttp: Warning: 0000019237338D00: libcurl info message cache 2 (Connected to www-cache.ecs.vuw.ac.nz (130.195.5.7) port 8080 (#6))
[2018.02.26-06.09.20:421][547]LogHttp: Warning: 0000019237338D00: libcurl info message cache 3 (Establish HTTP proxy tunnel to datarouter.ol.epicgames.com:443)
[2018.02.26-06.09.20:421][547]LogHttp: Warning: 0000019237338D00: libcurl info message cache 4 (Ignore 3325 bytes of response-body)
[2018.02.26-06.09.20:421][547]LogHttp: Warning: 0000019237338D00: libcurl info message cache 5 (Received HTTP code 407 from proxy after CONNECT)
[2018.02.26-06.09.20:421][547]LogHttp: Warning: 0000019237338D00: libcurl info message cache 6 (Closing connection 6)
[2018.02.26-06.09.43:136][899]Cmd: OBJ SAVEPACKAGE PACKAGE="/Game/Blueprints/BP_Bumper" FILE="../../../../../../Users/jpyepez/Documents/Unreal Projects/UE4Pinball/Content/Blueprints/BP_Bumper.uasset" SILENT=true
[2018.02.26-06.09.43:204][899]LogSavePackage: Save=60.14ms
[2018.02.26-06.09.43:204][899]LogSavePackage: Moving '../../../../../../Users/jpyepez/Documents/Unreal Projects/UE4Pinball/Saved/BP_BumperF3BDA17C4F3BA4B2D5774B8F4ED01253.tmp' to '../../../../../../Users/jpyepez/Documents/Unreal Projects/UE4Pinball/Content/Blueprints/BP_Bumper.uasset'
[2018.02.26-06.09.43:212][899]LogSavePackage: Display: Finished SavePackage ../../../../../../Users/jpyepez/Documents/Unreal Projects/UE4Pinball/Content/Blueprints/BP_Bumper.uasset
[2018.02.26-06.10.26:746][489]Cmd: OBJ SAVEPACKAGE PACKAGE="/Game/Blueprints/BP_Bumper" FILE="../../../../../../Users/jpyepez/Documents/Unreal Projects/UE4Pinball/Content/Blueprints/BP_Bumper.uasset" SILENT=true
[2018.02.26-06.10.26:810][489]LogSavePackage: Save=56.03ms
[2018.02.26-06.10.26:810][489]LogSavePackage: Moving '../../../../../../Users/jpyepez/Documents/Unreal Projects/UE4Pinball/Saved/BP_BumperCD56537C4A0C0170DC863F89BC1458B2.tmp' to '../../../../../../Users/jpyepez/Documents/Unreal Projects/UE4Pinball/Content/Blueprints/BP_Bumper.uasset'
[2018.02.26-06.10.26:812][489]LogSavePackage: Display: Finished SavePackage ../../../../../../Users/jpyepez/Documents/Unreal Projects/UE4Pinball/Content/Blueprints/BP_Bumper.uasset
[2018.02.26-06.10.48:909][670]BlueprintLog: New page: Compile BP_Bumper
[2018.02.26-06.10.48:929][670]LogBlueprint: Error: [Compiler BP_Bumper] Pin  New Param  named NewParam doesn't match any parameters of function Add Score
[2018.02.26-06.10.49:047][670]LogBlueprint: Warning: [Compiler BP_Bumper] [0892.12] Compile of BP_Bumper failed. 1 Fatal Issue(s) 0 Warning(s) [in 137 ms] (/Game/Blueprints/BP_Bumper.BP_Bumper)
[2018.02.26-06.11.20:491][176]LogHttp: Warning: 0000019286CB1F00: request failed, libcurl error: 56 (Failure when receiving data from the peer)
[2018.02.26-06.11.20:491][176]LogHttp: Warning: 0000019286CB1F00: libcurl info message cache 0 (Hostname in DNS cache was stale, zapped)
[2018.02.26-06.11.20:492][176]LogHttp: Warning: 0000019286CB1F00: libcurl info message cache 1 (  Trying 130.195.5.7...)
[2018.02.26-06.11.20:492][176]LogHttp: Warning: 0000019286CB1F00: libcurl info message cache 2 (Connected to www-cache.ecs.vuw.ac.nz (130.195.5.7) port 8080 (#7))
[2018.02.26-06.11.20:492][176]LogHttp: Warning: 0000019286CB1F00: libcurl info message cache 3 (Establish HTTP proxy tunnel to datarouter.ol.epicgames.com:443)
[2018.02.26-06.11.20:492][176]LogHttp: Warning: 0000019286CB1F00: libcurl info message cache 4 (Ignore 3325 bytes of response-body)
[2018.02.26-06.11.20:492][176]LogHttp: Warning: 0000019286CB1F00: libcurl info message cache 5 (Received HTTP code 407 from proxy after CONNECT)
[2018.02.26-06.11.20:492][176]LogHttp: Warning: 0000019286CB1F00: libcurl info message cache 6 (Closing connection 7)
[2018.02.26-06.11.30:514][287]BlueprintLog: New page: Compile PinballGameMode
[2018.02.26-06.11.30:544][287]LogBlueprint: Error: [Compiler BP_Bumper] In use pin  New Param  no longer exists on node  Add Score . Please refresh node or break links to remove pin.
[2018.02.26-06.11.30:552][287]LogBlueprint: Warning: [Compiler BP_Bumper] [0933.63] Compile of BP_Bumper failed. 1 Fatal Issue(s) 0 Warning(s) [in 34 ms] (/Game/Blueprints/BP_Bumper.BP_Bumper)
[2018.02.26-06.12.00:374][622]Cmd: OBJ SAVEPACKAGE PACKAGE="/Game/Blueprints/BP_Bumper" FILE="../../../../../../Users/jpyepez/Documents/Unreal Projects/UE4Pinball/Content/Blueprints/BP_Bumper.uasset" SILENT=true
[2018.02.26-06.12.00:445][622]LogSavePackage: Save=54.58ms
[2018.02.26-06.12.00:445][622]LogSavePackage: Moving '../../../../../../Users/jpyepez/Documents/Unreal Projects/UE4Pinball/Saved/BP_BumperA4FD6B164B6B8A5707DDB9BDC5FD8A32.tmp' to '../../../../../../Users/jpyepez/Documents/Unreal Projects/UE4Pinball/Content/Blueprints/BP_Bumper.uasset'
[2018.02.26-06.12.00:447][622]LogSavePackage: Display: Finished SavePackage ../../../../../../Users/jpyepez/Documents/Unreal Projects/UE4Pinball/Content/Blueprints/BP_Bumper.uasset
[2018.02.26-06.12.00:958][673]BlueprintLog: New page: Compile BP_Bumper
[2018.02.26-06.12.02:977][861]LogTemp: Repeating last play command: Selected Viewport
[2018.02.26-06.12.03:015][861]LogPlayLevel: PlayLevel: No blueprints needed recompiling
[2018.02.26-06.12.03:015][861]PIE: New page: PIE session: PinballMap (Feb 27, 2018, 8:12:03 AM)
[2018.02.26-06.12.03:015][861]LogPlayLevel: Creating play world package: /Game/UEDPIE_0_PinballMap
[2018.02.26-06.12.03:025][861]LogPlayLevel: PIE: StaticDuplicateObject took: (0.009157s)
[2018.02.26-06.12.03:025][861]LogAIModule: Creating AISystem for world PinballMap
[2018.02.26-06.12.03:025][861]LogPlayLevel: PIE: World Init took: (0.000672s)
[2018.02.26-06.12.03:025][861]LogPlayLevel: PIE: Created PIE world by copying editor world from /Game/PinballMap.PinballMap to /Game/UEDPIE_0_PinballMap.PinballMap (0.010141s)
[2018.02.26-06.12.03:047][861]LogInit: XAudio2 using 'Speakers / Headphones (Realtek High Definition Audio)' : 2 channels at 48 kHz using 32 bits per sample (channel mask 0x3)
[2018.02.26-06.12.03:061][861]LogInit: FAudioDevice initialized.
[2018.02.26-06.12.03:105][861]LogLoad: Game class is 'PinballGameMode_C'
[2018.02.26-06.12.03:107][861]LogWorld: Bringing World /Game/UEDPIE_0_PinballMap.PinballMap up for play (max tick rate 0) at 2018.02.26-19.12.03
[2018.02.26-06.12.03:108][861]LogWorld: Bringing up level for play took: 0.001600
[2018.02.26-06.12.03:148][861]LogContentBrowser: Native class hierarchy updated for 'MovieSceneCapture' in 0.0003 seconds. Added 11 classes and 0 folders.
[2018.02.26-06.12.03:149][861]PIE: Play in editor start time for /Game/UEDPIE_0_PinballMap 1.068
[2018.02.26-06.12.06:150][139]LogTemp: Repeating last play command: Selected Viewport
[2018.02.26-06.12.06:165][139]LogPlayLevel: PlayLevel: No blueprints needed recompiling
[2018.02.26-06.12.06:165][139]PIE: New page: PIE session: PinballMap (Feb 27, 2018, 8:12:06 AM)
[2018.02.26-06.12.06:165][139]LogPlayLevel: Creating play world package: /Game/UEDPIE_0_PinballMap
[2018.02.26-06.12.06:173][139]LogPlayLevel: PIE: StaticDuplicateObject took: (0.008485s)
[2018.02.26-06.12.06:174][139]LogAIModule: Creating AISystem for world PinballMap
[2018.02.26-06.12.06:174][139]LogPlayLevel: PIE: World Init took: (0.000666s)
[2018.02.26-06.12.06:174][139]LogPlayLevel: PIE: Created PIE world by copying editor world from /Game/PinballMap.PinballMap to /Game/UEDPIE_0_PinballMap.PinballMap (0.009440s)
[2018.02.26-06.12.06:197][139]LogInit: XAudio2 using 'Speakers / Headphones (Realtek High Definition Audio)' : 2 channels at 48 kHz using 32 bits per sample (channel mask 0x3)
[2018.02.26-06.12.06:210][139]LogInit: FAudioDevice initialized.
[2018.02.26-06.12.06:240][139]LogLoad: Game class is 'PinballGameMode_C'
[2018.02.26-06.12.06:242][139]LogWorld: Bringing World /Game/UEDPIE_0_PinballMap.PinballMap up for play (max tick rate 0) at 2018.02.26-19.12.06
[2018.02.26-06.12.06:242][139]LogWorld: Bringing up level for play took: 0.001436
[2018.02.26-06.12.06:244][139]PIE: Play in editor start time for /Game/UEDPIE_0_PinballMap 0.161
[2018.02.26-06.12.13:893][919]LogTemp: Repeating last play command: Selected Viewport
[2018.02.26-06.12.13:906][919]LogPlayLevel: PlayLevel: No blueprints needed recompiling
[2018.02.26-06.12.13:906][919]PIE: New page: PIE session: PinballMap (Feb 27, 2018, 8:12:13 AM)
[2018.02.26-06.12.13:906][919]LogPlayLevel: Creating play world package: /Game/UEDPIE_0_PinballMap
[2018.02.26-06.12.13:914][919]LogPlayLevel: PIE: StaticDuplicateObject took: (0.007904s)
[2018.02.26-06.12.13:914][919]LogAIModule: Creating AISystem for world PinballMap
[2018.02.26-06.12.13:914][919]LogPlayLevel: PIE: World Init took: (0.000608s)
[2018.02.26-06.12.13:915][919]LogPlayLevel: PIE: Created PIE world by copying editor world from /Game/PinballMap.PinballMap to /Game/UEDPIE_0_PinballMap.PinballMap (0.008805s)
[2018.02.26-06.12.13:938][919]LogInit: XAudio2 using 'Speakers / Headphones (Realtek High Definition Audio)' : 2 channels at 48 kHz using 32 bits per sample (channel mask 0x3)
[2018.02.26-06.12.13:950][919]LogInit: FAudioDevice initialized.
[2018.02.26-06.12.13:979][919]LogLoad: Game class is 'PinballGameMode_C'
[2018.02.26-06.12.13:980][919]LogWorld: Bringing World /Game/UEDPIE_0_PinballMap.PinballMap up for play (max tick rate 0) at 2018.02.26-19.12.13
[2018.02.26-06.12.13:981][919]LogWorld: Bringing up level for play took: 0.001494
[2018.02.26-06.12.13:982][919]PIE: Play in editor start time for /Game/UEDPIE_0_PinballMap -0.1
[2018.02.26-06.12.19:119][451]LogBlueprintUserMessages: [BP_Bumper4] 0.0
[2018.02.26-06.12.21:962][745]LogBlueprintUserMessages: [BP_Bumper4] 0.0
[2018.02.26-06.12.24:961][ 52]LogBlueprintUserMessages: [BP_Bumper4] 0.0
[2018.02.26-06.12.27:401][306]LogBlueprintUserMessages: [BP_Bumper4] 0.0
[2018.02.26-06.12.51:254][788]LogEditorTransaction: Undo Add Pin
[2018.02.26-06.13.04:945][235]BlueprintLog: New page: Compile PinballGameMode
[2018.02.26-06.13.11:793][913]BlueprintLog: New page: Compile BP_Bumper
[2018.02.26-06.13.12:996][974]Cmd: OBJ SAVEPACKAGE PACKAGE="/Game/Blueprints/BP_Bumper" FILE="../../../../../../Users/jpyepez/Documents/Unreal Projects/UE4Pinball/Content/Blueprints/BP_Bumper.uasset" SILENT=true
[2018.02.26-06.13.13:062][974]LogSavePackage: Save=57.09ms
[2018.02.26-06.13.13:062][974]LogSavePackage: Moving '../../../../../../Users/jpyepez/Documents/Unreal Projects/UE4Pinball/Saved/BP_BumperFE5E7F694EE842A9DE4A81BF13C96A55.tmp' to '../../../../../../Users/jpyepez/Documents/Unreal Projects/UE4Pinball/Content/Blueprints/BP_Bumper.uasset'
[2018.02.26-06.13.13:064][974]LogSavePackage: Display: Finished SavePackage ../../../../../../Users/jpyepez/Documents/Unreal Projects/UE4Pinball/Content/Blueprints/BP_Bumper.uasset
[2018.02.26-06.13.14:483][123]LogTemp: Repeating last play command: Selected Viewport
[2018.02.26-06.13.14:506][123]LogPlayLevel: PlayLevel: No blueprints needed recompiling
[2018.02.26-06.13.14:507][123]PIE: New page: PIE session: PinballMap (Feb 27, 2018, 8:13:14 AM)
[2018.02.26-06.13.14:507][123]LogPlayLevel: Creating play world package: /Game/UEDPIE_0_PinballMap
[2018.02.26-06.13.14:517][123]LogPlayLevel: PIE: StaticDuplicateObject took: (0.010704s)
[2018.02.26-06.13.14:518][123]LogAIModule: Creating AISystem for world PinballMap
[2018.02.26-06.13.14:518][123]LogPlayLevel: PIE: World Init took: (0.000618s)
[2018.02.26-06.13.14:518][123]LogPlayLevel: PIE: Created PIE world by copying editor world from /Game/PinballMap.PinballMap to /Game/UEDPIE_0_PinballMap.PinballMap (0.011595s)
[2018.02.26-06.13.14:540][123]LogInit: XAudio2 using 'Speakers / Headphones (Realtek High Definition Audio)' : 2 channels at 48 kHz using 32 bits per sample (channel mask 0x3)
[2018.02.26-06.13.14:553][123]LogInit: FAudioDevice initialized.
[2018.02.26-06.13.14:585][123]LogLoad: Game class is 'PinballGameMode_C'
[2018.02.26-06.13.14:587][123]LogWorld: Bringing World /Game/UEDPIE_0_PinballMap.PinballMap up for play (max tick rate 0) at 2018.02.26-19.13.14
[2018.02.26-06.13.14:587][123]LogWorld: Bringing up level for play took: 0.001435
[2018.02.26-06.13.14:588][123]PIE: Play in editor start time for /Game/UEDPIE_0_PinballMap 0.505
[2018.02.26-06.13.17:939][488]LogBlueprintUserMessages: [BP_Bumper5] 10.0
[2018.02.26-06.13.20:515][772]LogHttp: Warning: 00000192909E9480: request failed, libcurl error: 56 (Failure when receiving data from the peer)
[2018.02.26-06.13.20:515][772]LogHttp: Warning: 00000192909E9480: libcurl info message cache 0 (Hostname in DNS cache was stale, zapped)
[2018.02.26-06.13.20:515][772]LogHttp: Warning: 00000192909E9480: libcurl info message cache 1 (  Trying 130.195.5.7...)
[2018.02.26-06.13.20:515][772]LogHttp: Warning: 00000192909E9480: libcurl info message cache 2 (Connected to www-cache.ecs.vuw.ac.nz (130.195.5.7) port 8080 (#8))
[2018.02.26-06.13.20:515][772]LogHttp: Warning: 00000192909E9480: libcurl info message cache 3 (Establish HTTP proxy tunnel to datarouter.ol.epicgames.com:443)
[2018.02.26-06.13.20:515][772]LogHttp: Warning: 00000192909E9480: libcurl info message cache 4 (Ignore 3325 bytes of response-body)
[2018.02.26-06.13.20:515][772]LogHttp: Warning: 00000192909E9480: libcurl info message cache 5 (Received HTTP code 407 from proxy after CONNECT)
[2018.02.26-06.13.20:515][772]LogHttp: Warning: 00000192909E9480: libcurl info message cache 6 (Closing connection 8)
[2018.02.26-06.13.29:758][807]LogBlueprintUserMessages: [BP_Bumper4] 20.0
[2018.02.26-06.13.36:488][559]LogBlueprintUserMessages: [BP_Bumper4] 30.0
[2018.02.26-06.13.38:098][739]LogBlueprintUserMessages: [BP_Bumper9] 40.0
[2018.02.26-06.13.38:622][797]LogBlueprintUserMessages: [BP_Bumper5] 50.0
[2018.02.26-06.13.38:812][818]LogBlueprintUserMessages: [BP_Bumper9] 60.0
[2018.02.26-06.13.40:167][969]LogBlueprintUserMessages: [BP_Bumper4] 70.0
[2018.02.26-06.13.43:815][377]LogBlueprintUserMessages: [BP_Bumper4] 80.0
[2018.02.26-06.13.47:450][785]LogBlueprintUserMessages: [BP_Bumper4] 90.0
[2018.02.26-06.13.48:731][927]LogBlueprintUserMessages: [BP_Bumper4] 100.0
[2018.02.26-06.13.49:603][ 24]LogBlueprintUserMessages: [BP_Bumper4] 110.0
[2018.02.26-06.13.56:788][828]LogBlueprintUserMessages: [BP_Bumper4] 120.0
[2018.02.26-06.13.59:782][163]LogBlueprintUserMessages: [BP_Bumper4] 130.0
[2018.02.26-06.14.04:133][651]LogBlueprintUserMessages: [BP_Bumper4] 140.0
[2018.02.26-06.14.07:380][ 15]LogBlueprintUserMessages: [BP_Bumper4] 150.0
[2018.02.26-06.15.20:552][147]LogHttp: Warning: 00000192987B7A00: request failed, libcurl error: 56 (Failure when receiving data from the peer)
[2018.02.26-06.15.20:552][147]LogHttp: Warning: 00000192987B7A00: libcurl info message cache 0 (Hostname in DNS cache was stale, zapped)
[2018.02.26-06.15.20:552][147]LogHttp: Warning: 00000192987B7A00: libcurl info message cache 1 (  Trying 130.195.5.7...)
[2018.02.26-06.15.20:553][147]LogHttp: Warning: 00000192987B7A00: libcurl info message cache 2 (Connected to www-cache.ecs.vuw.ac.nz (130.195.5.7) port 8080 (#9))
[2018.02.26-06.15.20:553][147]LogHttp: Warning: 00000192987B7A00: libcurl info message cache 3 (Establish HTTP proxy tunnel to datarouter.ol.epicgames.com:443)
[2018.02.26-06.15.20:553][147]LogHttp: Warning: 00000192987B7A00: libcurl info message cache 4 (Ignore 3325 bytes of response-body)
[2018.02.26-06.15.20:553][147]LogHttp: Warning: 00000192987B7A00: libcurl info message cache 5 (Received HTTP code 407 from proxy after CONNECT)
[2018.02.26-06.15.20:553][147]LogHttp: Warning: 00000192987B7A00: libcurl info message cache 6 (Closing connection 9)
[2018.02.26-06.15.32:548][245]Cmd: OBJ SAVEPACKAGE PACKAGE="/Game/Blueprints/PinballGameMode" FILE="../../../../../../Users/jpyepez/Documents/Unreal Projects/UE4Pinball/Content/Blueprints/PinballGameMode.uasset" SILENT=true
[2018.02.26-06.15.32:598][245]LogSavePackage: Save=29.61ms
[2018.02.26-06.15.32:598][245]LogSavePackage: Moving '../../../../../../Users/jpyepez/Documents/Unreal Projects/UE4Pinball/Saved/PinballGameMode996E4FAE47E605F64C5C85ACAF9B4131.tmp' to '../../../../../../Users/jpyepez/Documents/Unreal Projects/UE4Pinball/Content/Blueprints/PinballGameMode.uasset'
[2018.02.26-06.15.32:600][245]LogSavePackage: Display: Finished SavePackage ../../../../../../Users/jpyepez/Documents/Unreal Projects/UE4Pinball/Content/Blueprints/PinballGameMode.uasset
[2018.02.26-06.15.32:658][245]Cmd: OBJ SAVEPACKAGE PACKAGE="/Game/PinballMap" FILE="../../../../../../Users/jpyepez/Documents/Unreal Projects/UE4Pinball/Content/PinballMap.umap" SILENT=true AUTOSAVING=false KEEPDIRTY=false
[2018.02.26-06.15.32:760][245]LogSavePackage: Save=69.48ms
[2018.02.26-06.15.32:760][245]LogSavePackage: Moving '../../../../../../Users/jpyepez/Documents/Unreal Projects/UE4Pinball/Saved/PinballMap2CD1B942442B8B0BEEBC0F97A7A6A50A.tmp' to '../../../../../../Users/jpyepez/Documents/Unreal Projects/UE4Pinball/Content/PinballMap.umap'
[2018.02.26-06.15.32:762][245]LogSavePackage: Display: Finished SavePackage ../../../../../../Users/jpyepez/Documents/Unreal Projects/UE4Pinball/Content/PinballMap.umap
[2018.02.26-06.15.32:793][245]LogFileHelpers: Saving map 'PinballMap' took 0.191
[2018.02.26-06.15.32:905][245]LogActorComponent: UnregisterComponent: (/Engine/Transient.EditorFloorComp) Not registered. Aborting.
[2018.02.26-06.15.32:951][245]LogWindowsTextInputMethodSystem: Display: IME system now deactivated.
[2018.02.26-06.15.33:114][246]Cmd: QUIT_EDITOR
[2018.02.26-06.15.33:592][246]LogExit: Preparing to exit.
[2018.02.26-06.15.34:067][246]LogDirectoryWatcher: A directory notification for 'C:/Users/jpyepez/Documents/Unreal Projects/UE4Pinball/Content/' was aborted.
[2018.02.26-06.15.34:094][246]LogExit: Editor shut down
[2018.02.26-06.15.34:099][246]LogExit: Transaction tracking system shut down
[2018.02.26-06.15.34:257][246]LogDirectoryWatcher: A directory notification for '../../../Engine/Content/' was aborted.
[2018.02.26-06.15.34:257][246]LogDirectoryWatcher: A directory notification for '../../../../../../Users/jpyepez/Documents/Unreal Projects/UE4Pinball/Content/' was aborted.
[2018.02.26-06.15.34:257][246]LogDirectoryWatcher: A directory notification for '../../../Engine/Plugins/2D/Paper2D/Content/' was aborted.
[2018.02.26-06.15.34:257][246]LogDirectoryWatcher: A directory notification for '../../../Engine/Plugins/Media/MediaCompositing/Content/' was aborted.
[2018.02.26-06.15.34:257][246]LogDirectoryWatcher: A directory notification for '../../../Engine/Plugins/Runtime/AppleARKit/Content/' was aborted.
[2018.02.26-06.15.34:257][246]LogDirectoryWatcher: A directory notification for '../../../Engine/Plugins/Runtime/Oculus/OculusVR/Content/' was aborted.
[2018.02.26-06.15.34:257][246]LogDirectoryWatcher: A directory notification for '../../../Engine/Plugins/Runtime/Steam/SteamVR/Content/' was aborted.
[2018.02.26-06.15.34:327][246]LogExit: Object subsystem successfully closed.
[2018.02.26-06.15.34:348][246]LogD3D11RHI: Shutdown
[2018.02.26-06.15.34:348][246]LogD3D11RHI: CleanupD3DDevice
[2018.02.26-06.15.34:350][246]LogD3D11RHI: ~FD3D11DynamicRHI
[2018.02.26-06.15.34:362][246]LogModuleManager: Shutting down and abandoning module MovieSceneCapture (552)
[2018.02.26-06.15.34:362][246]LogModuleManager: Shutting down and abandoning module BlueprintGraph (550)
[2018.02.26-06.15.34:363][246]LogModuleManager: Shutting down and abandoning module HierarchicalLODOutliner (548)
[2018.02.26-06.15.34:363][246]LogModuleManager: Shutting down and abandoning module SceneOutliner (546)
[2018.02.26-06.15.34:363][246]LogModuleManager: Shutting down and abandoning module AddContentDialog (544)
[2018.02.26-06.15.34:363][246]LogDirectoryWatcher: A directory notification for 'C:/Program Files/Epic Games/UE_4.18/FeaturePacks/' was aborted.
[2018.02.26-06.15.34:363][246]LogModuleManager: Shutting down and abandoning module WidgetCarousel (543)
[2018.02.26-06.15.34:363][246]LogModuleManager: Shutting down and abandoning module EditorWidgets (540)
[2018.02.26-06.15.34:363][246]LogModuleManager: Shutting down and abandoning module CollectionManager (538)
[2018.02.26-06.15.34:364][246]LogDirectoryWatcher: A directory notification for 'C:/Users/jpyepez/Documents/Unreal Projects/UE4Pinball/Content/Collections/' was aborted.
[2018.02.26-06.15.34:364][246]LogDirectoryWatcher: A directory notification for 'C:/Users/jpyepez/Documents/Unreal Projects/UE4Pinball/Content/Developers/jpyepez/Collections/' was aborted.
[2018.02.26-06.15.34:364][246]LogDirectoryWatcher: A directory notification for 'C:/Users/jpyepez/Documents/Unreal Projects/UE4Pinball/Saved/Collections/' was aborted.
[2018.02.26-06.15.34:364][246]LogModuleManager: Shutting down and abandoning module StatsViewer (536)
[2018.02.26-06.15.34:364][246]LogModuleManager: Shutting down and abandoning module FoliageEdit (534)
[2018.02.26-06.15.34:364][246]LogModuleManager: Shutting down and abandoning module LandscapeEditor (532)
[2018.02.26-06.15.34:364][246]LogModuleManager: Shutting down and abandoning module MeshPaintMode (530)
[2018.02.26-06.15.34:364][246]LogModuleManager: Shutting down and abandoning module SceneDepthPickerMode (528)
[2018.02.26-06.15.34:364][246]LogModuleManager: Shutting down and abandoning module ActorPickerMode (526)
[2018.02.26-06.15.34:364][246]LogModuleManager: Shutting down and abandoning module GeometryMode (524)
[2018.02.26-06.15.34:364][246]LogModuleManager: Shutting down and abandoning module TextureAlignMode (522)
[2018.02.26-06.15.34:364][246]LogModuleManager: Shutting down and abandoning module BspMode (520)
[2018.02.26-06.15.34:364][246]LogModuleManager: Shutting down and abandoning module PIEPreviewDeviceProfileSelector (518)
[2018.02.26-06.15.34:364][246]LogModuleManager: Shutting down and abandoning module HardwareSurvey (516)
[2018.02.26-06.15.34:364][246]LogModuleManager: Shutting down and abandoning module SequenceRecorderSections (514)
[2018.02.26-06.15.34:364][246]LogModuleManager: Shutting down and abandoning module AutomationWorker (512)
[2018.02.26-06.15.34:364][246]LogModuleManager: Shutting down and abandoning module MatineeToLevelSequence (510)
[2018.02.26-06.15.34:364][246]LogModuleManager: Shutting down and abandoning module LevelSequenceEditor (508)
[2018.02.26-06.15.34:364][246]LogModuleManager: Shutting down and abandoning module PlacementMode (507)
[2018.02.26-06.15.34:364][246]LogModuleManager: Shutting down and abandoning module WmfMediaFactory (504)
[2018.02.26-06.15.34:364][246]LogModuleManager: Shutting down and abandoning module WmfMediaEditor (502)
[2018.02.26-06.15.34:364][246]LogModuleManager: Shutting down and abandoning module OpenExrWrapper (500)
[2018.02.26-06.15.34:364][246]LogModuleManager: Shutting down and abandoning module ImgMediaFactory (498)
[2018.02.26-06.15.34:364][246]LogModuleManager: Shutting down and abandoning module ImgMediaEditor (496)
[2018.02.26-06.15.34:364][246]LogModuleManager: Shutting down and abandoning module AvfMediaFactory (494)
[2018.02.26-06.15.34:364][246]LogModuleManager: Shutting down and abandoning module AvfMediaEditor (492)
[2018.02.26-06.15.34:364][246]LogModuleManager: Shutting down and abandoning module AndroidMediaFactory (490)
[2018.02.26-06.15.34:364][246]LogModuleManager: Shutting down and abandoning module AndroidMediaEditor (488)
[2018.02.26-06.15.34:364][246]LogModuleManager: Shutting down and abandoning module CharacterAI (486)
[2018.02.26-06.15.34:364][246]LogModuleManager: Shutting down and abandoning module AudioCapture (484)
[2018.02.26-06.15.34:364][246]LogModuleManager: Shutting down and abandoning module SequenceRecorder (483)
[2018.02.26-06.15.34:364][246]LogModuleManager: Shutting down and abandoning module SmartSnapping (480)
[2018.02.26-06.15.34:364][246]LogModuleManager: Shutting down and abandoning module SessionServices (478)
[2018.02.26-06.15.34:364][246]LogModuleManager: Shutting down and abandoning module ViewportSnapping (476)
[2018.02.26-06.15.34:364][246]LogModuleManager: Shutting down and abandoning module ViewportInteraction (474)
[2018.02.26-06.15.34:364][246]LogModuleManager: Shutting down and abandoning module ClothPainter (472)
[2018.02.26-06.15.34:364][246]LogModuleManager: Shutting down and abandoning module SkeletalMeshEditor (471)
[2018.02.26-06.15.34:364][246]LogModuleManager: Shutting down and abandoning module LogVisualizer (468)
[2018.02.26-06.15.34:364][246]LogModuleManager: Shutting down and abandoning module IntroTutorials (466)
[2018.02.26-06.15.34:365][246]LogModuleManager: Shutting down and abandoning module GameProjectGeneration (465)
[2018.02.26-06.15.34:365][246]LogModuleManager: Shutting down and abandoning module IOSPlatformEditor (462)
[2018.02.26-06.15.34:365][246]LogModuleManager: Shutting down and abandoning module HTML5PlatformEditor (460)
[2018.02.26-06.15.34:365][246]LogModuleManager: Shutting down and abandoning module AndroidPlatformEditor (458)
[2018.02.26-06.15.34:365][246]LogModuleManager: Shutting down and abandoning module AndroidDeviceDetection (457)
[2018.02.26-06.15.34:887][246]LogModuleManager: Shutting down and abandoning module WindowsPlatformEditor (454)
[2018.02.26-06.15.34:887][246]LogModuleManager: Shutting down and abandoning module IOSRuntimeSettings (452)
[2018.02.26-06.15.34:887][246]LogModuleManager: Shutting down and abandoning module AndroidRuntimeSettings (450)
[2018.02.26-06.15.34:887][246]LogModuleManager: Shutting down and abandoning module InputBindingEditor (448)
[2018.02.26-06.15.34:887][246]LogModuleManager: Shutting down and abandoning module MergeActors (446)
[2018.02.26-06.15.34:887][246]LogModuleManager: Shutting down and abandoning module SizeMap (444)
[2018.02.26-06.15.34:887][246]LogModuleManager: Shutting down and abandoning module TreeMap (442)
[2018.02.26-06.15.34:887][246]LogModuleManager: Shutting down and abandoning module ReferenceViewer (440)
[2018.02.26-06.15.34:887][246]LogModuleManager: Shutting down and abandoning module LocalizationDashboard (438)
[2018.02.26-06.15.34:887][246]LogModuleManager: Shutting down and abandoning module LocalizationService (437)
[2018.02.26-06.15.34:888][246]LogModuleManager: Shutting down and abandoning module HardwareTargeting (434)
[2018.02.26-06.15.34:888][246]LogModuleManager: Shutting down and abandoning module DeviceProfileEditor (432)
[2018.02.26-06.15.34:888][246]LogModuleManager: Shutting down and abandoning module UndoHistory (430)
[2018.02.26-06.15.34:888][246]LogModuleManager: Shutting down and abandoning module XmlParser (428)
[2018.02.26-06.15.34:888][246]LogModuleManager: Shutting down and abandoning module Blutility (426)
[2018.02.26-06.15.34:888][246]LogModuleManager: Shutting down and abandoning module ProjectSettingsViewer (424)
[2018.02.26-06.15.34:888][246]LogModuleManager: Shutting down and abandoning module ProjectTargetPlatformEditor (423)
[2018.02.26-06.15.34:888][246]LogModuleManager: Shutting down and abandoning module EditorSettingsViewer (420)
[2018.02.26-06.15.34:888][246]LogModuleManager: Shutting down and abandoning module SettingsEditor (418)
[2018.02.26-06.15.34:888][246]LogModuleManager: Shutting down and abandoning module ProjectLauncher (416)
[2018.02.26-06.15.34:888][246]LogModuleManager: Shutting down and abandoning module SessionFrontend (414)
[2018.02.26-06.15.34:888][246]LogModuleManager: Shutting down and abandoning module ProfilerClient (412)
[2018.02.26-06.15.34:888][246]LogModuleManager: Shutting down and abandoning module DeviceManager (410)
[2018.02.26-06.15.34:888][246]LogModuleManager: Shutting down and abandoning module TargetDeviceServices (409)
[2018.02.26-06.15.34:952][246]LogModuleManager: Shutting down and abandoning module AutomationController (406)
[2018.02.26-06.15.34:952][246]LogModuleManager: Shutting down and abandoning module AutomationWindow (404)
[2018.02.26-06.15.34:952][246]LogModuleManager: Shutting down and abandoning module Layers (402)
[2018.02.26-06.15.34:952][246]LogModuleManager: Shutting down and abandoning module ComponentVisualizers (400)
[2018.02.26-06.15.34:952][246]LogModuleManager: Shutting down and abandoning module DetailCustomizations (398)
[2018.02.26-06.15.34:952][246]LogModuleManager: Shutting down and abandoning module PackagesDialog (396)
[2018.02.26-06.15.34:952][246]LogModuleManager: Shutting down and abandoning module Persona (394)
[2018.02.26-06.15.34:952][246]LogModuleManager: Shutting down and abandoning module AdvancedPreviewScene (393)
[2018.02.26-06.15.34:952][246]LogModuleManager: Shutting down and abandoning module AnimGraph (391)
[2018.02.26-06.15.34:952][246]LogModuleManager: Shutting down and abandoning module Kismet (388)
[2018.02.26-06.15.34:959][246]LogModuleManager: Shutting down and abandoning module ClassViewer (386)
[2018.02.26-06.15.34:959][246]LogModuleManager: Shutting down and abandoning module Toolbox (384)
[2018.02.26-06.15.34:959][246]LogModuleManager: Shutting down and abandoning module ModuleUI (382)
[2018.02.26-06.15.34:959][246]LogModuleManager: Shutting down and abandoning module MovieSceneTools (380)
[2018.02.26-06.15.34:959][246]LogModuleManager: Shutting down and abandoning module OutputLog (378)
[2018.02.26-06.15.34:959][246]LogModuleManager: Shutting down and abandoning module GammaUI (376)
[2018.02.26-06.15.34:959][246]LogModuleManager: Shutting down and abandoning module Documentation (374)
[2018.02.26-06.15.34:960][246]LogModuleManager: Shutting down and abandoning module MovieSceneTracks (372)
[2018.02.26-06.15.34:960][246]LogModuleManager: Shutting down and abandoning module MovieScene (370)
[2018.02.26-06.15.34:960][246]LogModuleManager: Shutting down and abandoning module StreamingPauseRendering (368)
[2018.02.26-06.15.34:960][246]LogModuleManager: Shutting down and abandoning module LauncherPlatform (366)
[2018.02.26-06.15.34:960][246]LogModuleManager: Shutting down and abandoning module AnalyticsET (364)
[2018.02.26-06.15.34:960][246]LogModuleManager: Shutting down and abandoning module PortalServices (362)
[2018.02.26-06.15.34:960][246]LogModuleManager: Shutting down and abandoning module PortalRpc (360)
[2018.02.26-06.15.34:960][246]LogModuleManager: Shutting down and abandoning module MessagingRpc (358)
[2018.02.26-06.15.34:960][246]LogModuleManager: Shutting down and abandoning module AIModule (356)
[2018.02.26-06.15.34:960][246]LogModuleManager: Shutting down and abandoning module GameplayDebugger (355)
[2018.02.26-06.15.34:960][246]LogModuleManager: Shutting down and abandoning module AITestSuite (353)
[2018.02.26-06.15.34:960][246]LogModuleManager: Shutting down and abandoning module DesktopPlatform (350)
[2018.02.26-06.15.34:960][246]LogModuleManager: Shutting down and abandoning module ProfilerService (348)
[2018.02.26-06.15.34:980][246]LogModuleManager: Shutting down and abandoning module TaskGraph (346)
[2018.02.26-06.15.34:980][246]LogModuleManager: Shutting down and abandoning module SteamVRController (344)
[2018.02.26-06.15.34:980][246]LogModuleManager: Shutting down and abandoning module ProceduralMeshComponentEditor (342)
[2018.02.26-06.15.34:980][246]LogModuleManager: Shutting down and abandoning module ProceduralMeshComponent (340)
[2018.02.26-06.15.34:980][246]LogModuleManager: Shutting down and abandoning module OculusInput (338)
[2018.02.26-06.15.34:980][246]LogModuleManager: Shutting down and abandoning module MobilePatchingUtils (336)
[2018.02.26-06.15.34:980][246]LogModuleManager: Shutting down and abandoning module CustomMeshComponent (334)
[2018.02.26-06.15.34:980][246]LogModuleManager: Shutting down and abandoning module CableComponent (332)
[2018.02.26-06.15.34:980][246]LogModuleManager: Shutting down and abandoning module ArchVisCharacter (330)
[2018.02.26-06.15.34:980][246]LogModuleManager: Shutting down and abandoning module AndroidPermission (328)
[2018.02.26-06.15.34:980][246]LogModuleManager: Shutting down and abandoning module ActorSequence (324)
[2018.02.26-06.15.34:980][246]LogModuleManager: Shutting down and abandoning module MediaPlayerEditor (322)
[2018.02.26-06.15.34:980][246]LogModuleManager: Shutting down and abandoning module MediaCompositingEditor (320)
[2018.02.26-06.15.34:980][246]LogModuleManager: Shutting down and abandoning module MediaCompositing (318)
[2018.02.26-06.15.34:980][246]LogModuleManager: Shutting down and abandoning module HTML5Networking (316)
[2018.02.26-06.15.34:980][246]LogModuleManager: Shutting down and abandoning module AlembicImporter (314)
[2018.02.26-06.15.34:980][246]LogModuleManager: Shutting down and abandoning module AlembicLibrary (313)
[2018.02.26-06.15.34:980][246]LogModuleManager: Shutting down and abandoning module GeometryCache (312)
[2018.02.26-06.15.34:980][246]LogModuleManager: Shutting down and abandoning module GeometryCacheEd (311)
[2018.02.26-06.15.34:980][246]LogModuleManager: Shutting down and abandoning module SpeedTreeImporter (306)
[2018.02.26-06.15.34:980][246]LogModuleManager: Shutting down and abandoning module PluginBrowser (304)
[2018.02.26-06.15.34:981][246]LogModuleManager: Shutting down and abandoning module MobileLauncherProfileWizard (302)
[2018.02.26-06.15.34:981][246]LogModuleManager: Shutting down and abandoning module VisualStudioSourceCodeAccess (300)
[2018.02.26-06.15.34:981][246]LogModuleManager: Shutting down and abandoning module VisualStudioCodeSourceCodeAccess (298)
[2018.02.26-06.15.34:981][246]LogModuleManager: Shutting down and abandoning module UObjectPlugin (296)
[2018.02.26-06.15.34:981][246]LogModuleManager: Shutting down and abandoning module SubversionSourceControl (294)
[2018.02.26-06.15.34:981][246]LogModuleManager: Shutting down and abandoning module PerforceSourceControl (292)
[2018.02.26-06.15.34:981][246]LogModuleManager: Shutting down and abandoning module GitSourceControl (290)
[2018.02.26-06.15.34:981][246]LogModuleManager: Shutting down and abandoning module SourceControl (289)
[2018.02.26-06.15.34:981][246]LogModuleManager: Shutting down and abandoning module LightPropagationVolumeEditor (286)
[2018.02.26-06.15.34:981][246]LogModuleManager: Shutting down and abandoning module PaperTiledImporter (284)
[2018.02.26-06.15.34:981][246]LogModuleManager: Shutting down and abandoning module PaperSpriteSheetImporter (282)
[2018.02.26-06.15.34:981][246]LogModuleManager: Shutting down and abandoning module Paper2DEditor (280)
[2018.02.26-06.15.34:981][246]LogModuleManager: Shutting down and abandoning module MeshPaint (279)
[2018.02.26-06.15.34:981][246]LogModuleManager: Shutting down and abandoning module LevelEditor (277)
[2018.02.26-06.15.34:982][246]LogModuleManager: Shutting down and abandoning module PixelInspectorModule (276)
[2018.02.26-06.15.34:982][246]LogModuleManager: Shutting down and abandoning module MainFrame (274)
[2018.02.26-06.15.34:982][246]LogModuleManager: Shutting down and abandoning module HotReload (273)
[2018.02.26-06.15.34:982][246]LogModuleManager: Shutting down and abandoning module RuntimePhysXCooking (268)
[2018.02.26-06.15.34:982][246]LogModuleManager: Shutting down and abandoning module PhysXVehiclesEditor (266)
[2018.02.26-06.15.34:982][246]LogModuleManager: Shutting down and abandoning module PhysXVehicles (264)
[2018.02.26-06.15.34:982][246]LogModuleManager: Shutting down and abandoning module OculusEditor (262)
[2018.02.26-06.15.34:982][246]LogModuleManager: Shutting down and abandoning module LocationServicesBPLibrary (260)
[2018.02.26-06.15.34:982][246]LogModuleManager: Shutting down and abandoning module ImmediatePhysicsEditor (258)
[2018.02.26-06.15.34:982][246]LogModuleManager: Shutting down and abandoning module ImmediatePhysics (256)
[2018.02.26-06.15.34:982][246]LogModuleManager: Shutting down and abandoning module UdpMessaging (254)
[2018.02.26-06.15.35:083][246]LogModuleManager: Shutting down and abandoning module TcpMessaging (252)
[2018.02.26-06.15.35:183][246]LogModuleManager: Shutting down and abandoning module GameplayTagsEditor (250)
[2018.02.26-06.15.35:183][246]LogModuleManager: Shutting down and abandoning module FacialAnimationEditor (248)
[2018.02.26-06.15.35:183][246]LogModuleManager: Shutting down and abandoning module FacialAnimation (246)
[2018.02.26-06.15.35:183][246]LogModuleManager: Shutting down and abandoning module AssetManagerEditor (244)
[2018.02.26-06.15.35:183][246]LogModuleManager: Shutting down and abandoning module GraphEditor (243)
[2018.02.26-06.15.35:183][246]LogModuleManager: Shutting down and abandoning module ContentBrowser (241)
[2018.02.26-06.15.35:184][246]LogModuleManager: Shutting down and abandoning module LightPropagationVolumeRuntime (238)
[2018.02.26-06.15.35:184][246]LogModuleManager: Shutting down and abandoning module Paper2D (236)
[2018.02.26-06.15.35:184][246]LogModuleManager: Shutting down and abandoning module WindowsMoviePlayer (234)
[2018.02.26-06.15.35:184][246]LogModuleManager: Shutting down and abandoning module WmfMedia (232)
[2018.02.26-06.15.35:184][246]LogModuleManager: Shutting down and abandoning module ImgMedia (230)
[2018.02.26-06.15.35:184][246]LogModuleManager: Shutting down and abandoning module PacketHandler (228)
[2018.02.26-06.15.35:184][246]LogModuleManager: Shutting down and abandoning module ClothingSystemEditor (226)
[2018.02.26-06.15.35:184][246]LogModuleManager: Shutting down and abandoning module ClothingSystemRuntime (224)
[2018.02.26-06.15.35:184][246]LogModuleManager: Shutting down and abandoning module MediaAssets (222)
[2018.02.26-06.15.35:184][246]LogModuleManager: Shutting down and abandoning module Media (221)
[2018.02.26-06.15.35:190][246]LogModuleManager: Shutting down and abandoning module Overlay (218)
[2018.02.26-06.15.35:190][246]LogModuleManager: Shutting down and abandoning module OverlayEditor (217)
[2018.02.26-06.15.35:190][246]LogModuleManager: Shutting down and abandoning module VREditor (214)
[2018.02.26-06.15.35:190][246]LogModuleManager: Shutting down and abandoning module StringTableEditor (212)
[2018.02.26-06.15.35:190][246]LogModuleManager: Shutting down and abandoning module GameplayTasksEditor (210)
[2018.02.26-06.15.35:190][246]LogModuleManager: Shutting down and abandoning module BehaviorTreeEditor (208)
[2018.02.26-06.15.35:190][246]LogModuleManager: Shutting down and abandoning module FunctionalTesting (206)
[2018.02.26-06.15.35:190][246]LogModuleManager: Shutting down and abandoning module CollisionAnalyzer (204)
[2018.02.26-06.15.35:190][246]LogModuleManager: Shutting down and abandoning module WorkspaceMenuStructure (203)
[2018.02.26-06.15.35:190][246]LogModuleManager: Shutting down and abandoning module UMG (200)
[2018.02.26-06.15.35:190][246]LogModuleManager: Shutting down and abandoning module UMGEditor (199)
[2018.02.26-06.15.35:190][246]LogModuleManager: Shutting down and abandoning module Sequencer (198)
[2018.02.26-06.15.35:190][246]LogModuleManager: Shutting down and abandoning module MessageLog (195)
[2018.02.26-06.15.35:190][246]LogModuleManager: Shutting down and abandoning module SlateReflector (190)
[2018.02.26-06.15.35:190][246]LogModuleManager: Shutting down and abandoning module Slate (188)
[2018.02.26-06.15.35:190][246]LogModuleManager: Shutting down and abandoning module EditorStyle (186)
[2018.02.26-06.15.35:192][246]LogModuleManager: Shutting down and abandoning module MRMesh (184)
[2018.02.26-06.15.35:193][246]LogModuleManager: Shutting down and abandoning module SourceCodeAccess (182)
[2018.02.26-06.15.35:193][246]LogModuleManager: Shutting down and abandoning module HeadMountedDisplay (180)
[2018.02.26-06.15.35:193][246]LogModuleManager: Shutting down and abandoning module XAudio2 (178)
[2018.02.26-06.15.35:193][246]LogModuleManager: Shutting down and abandoning module Networking (176)
[2018.02.26-06.15.35:193][246]LogModuleManager: Shutting down and abandoning module Core (172)
[2018.02.26-06.15.35:193][246]LogModuleManager: Shutting down and abandoning module LevelSequence (168)
[2018.02.26-06.15.35:193][246]LogModuleManager: Shutting down and abandoning module DirectoryWatcher (166)
[2018.02.26-06.15.35:193][246]LogModuleManager: Shutting down and abandoning module KismetCompiler (164)
[2018.02.26-06.15.35:193][246]LogModuleManager: Shutting down and abandoning module MeshUtilities (162)
[2018.02.26-06.15.35:193][246]LogModuleManager: Shutting down and abandoning module MeshMergeUtilities (161)
[2018.02.26-06.15.35:193][246]LogModuleManager: Shutting down and abandoning module MeshReductionInterface (160)
[2018.02.26-06.15.35:193][246]LogModuleManager: Shutting down and abandoning module SimplygonSwarm (159)
[2018.02.26-06.15.35:193][246]LogModuleManager: Shutting down and abandoning module SimplygonMeshReduction (157)
[2018.02.26-06.15.35:193][246]LogModuleManager: Shutting down and abandoning module QuadricMeshReduction (155)
[2018.02.26-06.15.35:193][246]LogModuleManager: Shutting down and abandoning module MaterialBaking (151)
[2018.02.26-06.15.35:193][246]LogModuleManager: Shutting down and abandoning module DerivedDataCache (148)
[2018.02.26-06.15.35:291][246]LogDerivedDataCache: Shutdown
[2018.02.26-06.15.35:291][246]LogModuleManager: Shutting down and abandoning module TargetPlatform (146)
[2018.02.26-06.15.35:291][246]LogModuleManager: Shutting down and abandoning module VulkanShaderFormat (145)
[2018.02.26-06.15.35:291][246]LogModuleManager: Shutting down and abandoning module ShaderFormatVectorVM (143)
[2018.02.26-06.15.35:291][246]LogModuleManager: Shutting down and abandoning module ShaderFormatOpenGL (141)
[2018.02.26-06.15.35:291][246]LogModuleManager: Shutting down and abandoning module ShaderFormatD3D (139)
[2018.02.26-06.15.35:291][246]LogModuleManager: Shutting down and abandoning module MetalShaderFormat (137)
[2018.02.26-06.15.35:291][246]LogModuleManager: Shutting down and abandoning module TextureFormatUncompressed (135)
[2018.02.26-06.15.35:291][246]LogModuleManager: Shutting down and abandoning module TextureFormatPVR (133)
[2018.02.26-06.15.35:291][246]LogModuleManager: Shutting down and abandoning module TextureFormatDXT (131)
[2018.02.26-06.15.35:291][246]LogModuleManager: Shutting down and abandoning module TextureFormatIntelISPCTexComp (129)
[2018.02.26-06.15.35:291][246]LogModuleManager: Shutting down and abandoning module TextureFormatASTC (127)
[2018.02.26-06.15.35:291][246]LogModuleManager: Shutting down and abandoning module ImageWrapper (126)
[2018.02.26-06.15.35:291][246]LogModuleManager: Shutting down and abandoning module TextureFormatAndroid (123)
[2018.02.26-06.15.35:291][246]LogModuleManager: Shutting down and abandoning module AudioFormatOpus (121)
[2018.02.26-06.15.35:291][246]LogModuleManager: Shutting down and abandoning module AudioFormatOgg (119)
[2018.02.26-06.15.35:291][246]LogModuleManager: Shutting down and abandoning module AudioFormatADPCM (117)
[2018.02.26-06.15.35:291][246]LogModuleManager: Shutting down and abandoning module LinuxTargetPlatform (115)
[2018.02.26-06.15.35:291][246]LogModuleManager: Shutting down and abandoning module LinuxServerTargetPlatform (113)
[2018.02.26-06.15.35:291][246]LogModuleManager: Shutting down and abandoning module LinuxNoEditorTargetPlatform (111)
[2018.02.26-06.15.35:291][246]LogModuleManager: Shutting down and abandoning module LinuxClientTargetPlatform (109)
[2018.02.26-06.15.35:291][246]LogModuleManager: Shutting down and abandoning module TVOSTargetPlatform (107)
[2018.02.26-06.15.35:291][246]LogModuleManager: Shutting down and abandoning module Messaging (105)
[2018.02.26-06.15.35:292][246]LogModuleManager: Shutting down and abandoning module IOSTargetPlatform (103)
[2018.02.26-06.15.35:292][246]LogModuleManager: Shutting down and abandoning module HTML5TargetPlatform (101)
[2018.02.26-06.15.35:292][246]LogModuleManager: Shutting down and abandoning module AndroidTargetPlatform (99)
[2018.02.26-06.15.35:292][246]LogModuleManager: Shutting down and abandoning module Android_PVRTCTargetPlatform (97)
[2018.02.26-06.15.35:292][246]LogModuleManager: Shutting down and abandoning module Android_MultiTargetPlatform (95)
[2018.02.26-06.15.35:292][246]LogModuleManager: Shutting down and abandoning module Android_ETC2TargetPlatform (93)
[2018.02.26-06.15.35:292][246]LogModuleManager: Shutting down and abandoning module Android_ETC1TargetPlatform (91)
[2018.02.26-06.15.35:292][246]LogModuleManager: Shutting down and abandoning module Android_DXTTargetPlatform (89)
[2018.02.26-06.15.35:292][246]LogModuleManager: Shutting down and abandoning module Android_ATCTargetPlatform (87)
[2018.02.26-06.15.35:292][246]LogModuleManager: Shutting down and abandoning module Android_ASTCTargetPlatform (85)
[2018.02.26-06.15.35:292][246]LogModuleManager: Shutting down and abandoning module WindowsTargetPlatform (83)
[2018.02.26-06.15.35:292][246]LogModuleManager: Shutting down and abandoning module WindowsServerTargetPlatform (81)
[2018.02.26-06.15.35:292][246]LogModuleManager: Shutting down and abandoning module WindowsNoEditorTargetPlatform (79)
[2018.02.26-06.15.35:292][246]LogModuleManager: Shutting down and abandoning module WindowsClientTargetPlatform (77)
[2018.02.26-06.15.35:292][246]LogModuleManager: Shutting down and abandoning module MacTargetPlatform (75)
[2018.02.26-06.15.35:292][246]LogModuleManager: Shutting down and abandoning module MacServerTargetPlatform (73)
[2018.02.26-06.15.35:292][246]LogModuleManager: Shutting down and abandoning module MacNoEditorTargetPlatform (71)
[2018.02.26-06.15.35:292][246]LogModuleManager: Shutting down and abandoning module MacClientTargetPlatform (69)
[2018.02.26-06.15.35:292][246]LogModuleManager: Shutting down and abandoning module AllDesktopTargetPlatform (67)
[2018.02.26-06.15.35:292][246]LogModuleManager: Shutting down and abandoning module InputCore (64)
[2018.02.26-06.15.35:292][246]LogModuleManager: Shutting down and abandoning module Settings (62)
[2018.02.26-06.15.35:292][246]LogModuleManager: Shutting down and abandoning module PhysXCooking (60)
[2018.02.26-06.15.35:292][246]LogModuleManager: Shutting down and abandoning module SteamVR (58)
[2018.02.26-06.15.35:292][246]LogModuleManager: Shutting down and abandoning module OculusHMD (56)
[2018.02.26-06.15.35:292][246]LogModuleManager: Shutting down and abandoning module ExampleDeviceProfileSelector (54)
[2018.02.26-06.15.35:292][246]LogModuleManager: Shutting down and abandoning module AppleARKit (52)
[2018.02.26-06.15.35:292][246]LogModuleManager: Shutting down and abandoning module AugmentedReality (51)
[2018.02.26-06.15.35:292][246]LogModuleManager: Shutting down and abandoning module OnlineBlueprintSupport (48)
[2018.02.26-06.15.35:292][246]LogModuleManager: Shutting down and abandoning module OnlineSubsystem (44)
[2018.02.26-06.15.35:292][246]LogModuleManager: Shutting down and abandoning module XMPP (43)
[2018.02.26-06.15.35:292][246]LogModuleManager: Shutting down and abandoning module HTTP (41)
[2018.02.26-06.15.35:292][246]LogHttp: Display: Http module shutting down, but needs to wait on 1 outstanding Http requests:
[2018.02.26-06.15.35:292][246]LogHttp: Display: 	verb=[POST] url=[https://datarouter.ol.epicgames.com/datarouter/api/v1/public/data?SessionID=%7B46E58B97-4F58-EA84-7F64-9CB14B6A935E%7D&AppID=UEEditor.Rocket.Release&AppVersion=4.18.3-3832480%2B%2B%2BUE4%2BRelease-4.18&UserID=3b594833464ea2447db9ab8f54bfbe9b%7C231ec0329cfc4ae29322f5907af6e17d%7C187fd38b-10f4-4a5b-a426-bcf3c7b52353&AppEnvironment=datacollector-binary&UploadType=eteventstream] status=Processing
[2018.02.26-06.15.35:292][246]LogHttp: Warning: 0000019215D8E080: request failed, libcurl error: 56 (Failure when receiving data from the peer)
[2018.02.26-06.15.35:292][246]LogHttp: Warning: 0000019215D8E080: libcurl info message cache 0 (Hostname www-cache.ecs.vuw.ac.nz was found in DNS cache)
[2018.02.26-06.15.35:292][246]LogHttp: Warning: 0000019215D8E080: libcurl info message cache 1 (  Trying 130.195.5.7...)
[2018.02.26-06.15.35:292][246]LogHttp: Warning: 0000019215D8E080: libcurl info message cache 2 (Connected to www-cache.ecs.vuw.ac.nz (130.195.5.7) port 8080 (#10))
[2018.02.26-06.15.35:292][246]LogHttp: Warning: 0000019215D8E080: libcurl info message cache 3 (Establish HTTP proxy tunnel to datarouter.ol.epicgames.com:443)
[2018.02.26-06.15.35:292][246]LogHttp: Warning: 0000019215D8E080: libcurl info message cache 4 (Ignore 3325 bytes of response-body)
[2018.02.26-06.15.35:292][246]LogHttp: Warning: 0000019215D8E080: libcurl info message cache 5 (Received HTTP code 407 from proxy after CONNECT)
[2018.02.26-06.15.35:292][246]LogHttp: Warning: 0000019215D8E080: libcurl info message cache 6 (Closing connection 10)
[2018.02.26-06.15.35:308][246]LogModuleManager: Shutting down and abandoning module SSL (40)
[2018.02.26-06.15.35:309][246]LogModuleManager: Shutting down and abandoning module AnimationModifiers (36)
[2018.02.26-06.15.35:309][246]LogModuleManager: Shutting down and abandoning module PropertyEditor (35)
[2018.02.26-06.15.35:309][246]LogModuleManager: Shutting down and abandoning module AudioEditor (32)
[2018.02.26-06.15.35:309][246]LogModuleManager: Shutting down and abandoning module TextureCompressor (30)
[2018.02.26-06.15.35:309][246]LogModuleManager: Shutting down and abandoning module ShaderCore (28)
[2018.02.26-06.15.35:310][246]LogModuleManager: Shutting down and abandoning module Landscape (26)
[2018.02.26-06.15.35:310][246]LogModuleManager: Shutting down and abandoning module SlateRHIRenderer (24)
[2018.02.26-06.15.35:311][246]LogModuleManager: Shutting down and abandoning module OpenGLDrv (22)
[2018.02.26-06.15.35:311][246]LogModuleManager: Shutting down and abandoning module D3D11RHI (20)
[2018.02.26-06.15.35:311][246]LogModuleManager: Shutting down and abandoning module AnimGraphRuntime (18)
[2018.02.26-06.15.35:311][246]LogModuleManager: Shutting down and abandoning module Renderer (16)
[2018.02.26-06.15.35:311][246]LogModuleManager: Shutting down and abandoning module Engine (14)
[2018.02.26-06.15.35:311][246]LogModuleManager: Shutting down and abandoning module CoreUObject (12)
[2018.02.26-06.15.35:311][246]LogModuleManager: Shutting down and abandoning module NetworkFile (10)
[2018.02.26-06.15.35:311][246]LogModuleManager: Shutting down and abandoning module CookedIterativeFile (8)
[2018.02.26-06.15.35:311][246]LogModuleManager: Shutting down and abandoning module StreamingFile (6)
[2018.02.26-06.15.35:311][246]LogModuleManager: Shutting down and abandoning module SandboxFile (4)
[2018.02.26-06.15.35:311][246]LogModuleManager: Shutting down and abandoning module PakFile (2)
[2018.02.26-06.15.35:315][246]LogExit: Exiting.
[2018.02.26-06.15.35:326][246]Log file closed, 02/26/18 19:15:35
